mode: atomic
github.com/rudderlabs/pongo2/v6/context.go:12.35,14.2 1 0
github.com/rudderlabs/pongo2/v6/context.go:30.52,31.22 1 45
github.com/rudderlabs/pongo2/v6/context.go:31.22,32.36 1 233
github.com/rudderlabs/pongo2/v6/context.go:32.36,37.4 1 0
github.com/rudderlabs/pongo2/v6/context.go:39.2,39.12 1 45
github.com/rudderlabs/pongo2/v6/context.go:43.48,44.26 1 140
github.com/rudderlabs/pongo2/v6/context.go:44.26,46.3 1 409
github.com/rudderlabs/pongo2/v6/context.go:47.2,47.10 1 140
github.com/rudderlabs/pongo2/v6/context.go:80.72,93.2 4 45
github.com/rudderlabs/pongo2/v6/context.go:95.75,109.2 4 24
github.com/rudderlabs/pongo2/v6/context.go:111.68,113.2 1 6
github.com/rudderlabs/pongo2/v6/context.go:115.72,118.18 3 6
github.com/rudderlabs/pongo2/v6/context.go:118.18,124.3 3 6
github.com/rudderlabs/pongo2/v6/context.go:125.2,133.3 1 6
github.com/rudderlabs/pongo2/v6/context.go:136.63,138.2 1 0
github.com/rudderlabs/pongo2/v6/error.go:25.78,26.23 1 0
github.com/rudderlabs/pongo2/v6/error.go:26.23,28.3 1 0
github.com/rudderlabs/pongo2/v6/error.go:30.2,30.20 1 0
github.com/rudderlabs/pongo2/v6/error.go:30.20,32.18 2 0
github.com/rudderlabs/pongo2/v6/error.go:32.18,35.4 2 0
github.com/rudderlabs/pongo2/v6/error.go:38.2,38.10 1 0
github.com/rudderlabs/pongo2/v6/error.go:42.32,44.20 2 6
github.com/rudderlabs/pongo2/v6/error.go:44.20,46.3 1 6
github.com/rudderlabs/pongo2/v6/error.go:47.2,47.22 1 6
github.com/rudderlabs/pongo2/v6/error.go:47.22,49.3 1 6
github.com/rudderlabs/pongo2/v6/error.go:50.2,50.16 1 6
github.com/rudderlabs/pongo2/v6/error.go:50.16,52.21 2 6
github.com/rudderlabs/pongo2/v6/error.go:52.21,54.4 1 6
github.com/rudderlabs/pongo2/v6/error.go:56.2,58.10 3 6
github.com/rudderlabs/pongo2/v6/error.go:62.71,63.45 1 0
github.com/rudderlabs/pongo2/v6/error.go:63.45,65.3 1 0
github.com/rudderlabs/pongo2/v6/error.go:67.2,68.23 2 0
github.com/rudderlabs/pongo2/v6/error.go:68.23,70.3 1 0
github.com/rudderlabs/pongo2/v6/error.go:71.2,72.16 2 0
github.com/rudderlabs/pongo2/v6/error.go:72.16,74.3 1 0
github.com/rudderlabs/pongo2/v6/error.go:75.2,75.15 1 0
github.com/rudderlabs/pongo2/v6/error.go:75.15,77.34 2 0
github.com/rudderlabs/pongo2/v6/error.go:77.34,79.4 1 0
github.com/rudderlabs/pongo2/v6/error.go:82.2,84.21 3 0
github.com/rudderlabs/pongo2/v6/error.go:84.21,86.18 2 0
github.com/rudderlabs/pongo2/v6/error.go:86.18,88.4 1 0
github.com/rudderlabs/pongo2/v6/error.go:90.2,90.23 1 0
github.com/rudderlabs/pongo2/v6/error.go:93.32,95.2 1 0
github.com/rudderlabs/pongo2/v6/filters.go:12.13,14.2 1 1
github.com/rudderlabs/pongo2/v6/filters.go:17.37,20.2 2 53
github.com/rudderlabs/pongo2/v6/filters.go:26.59,27.24 1 53
github.com/rudderlabs/pongo2/v6/filters.go:27.24,29.3 1 0
github.com/rudderlabs/pongo2/v6/filters.go:30.2,31.12 2 53
github.com/rudderlabs/pongo2/v6/filters.go:34.57,35.49 1 53
github.com/rudderlabs/pongo2/v6/filters.go:35.49,36.13 1 0
github.com/rudderlabs/pongo2/v6/filters.go:42.58,43.25 1 0
github.com/rudderlabs/pongo2/v6/filters.go:43.25,45.3 1 0
github.com/rudderlabs/pongo2/v6/filters.go:46.2,47.12 2 0
github.com/rudderlabs/pongo2/v6/filters.go:51.63,53.16 2 0
github.com/rudderlabs/pongo2/v6/filters.go:53.16,54.13 1 0
github.com/rudderlabs/pongo2/v6/filters.go:56.2,56.12 1 0
github.com/rudderlabs/pongo2/v6/filters.go:61.69,63.15 2 48
github.com/rudderlabs/pongo2/v6/filters.go:63.15,68.3 1 0
github.com/rudderlabs/pongo2/v6/filters.go:71.2,71.18 1 48
github.com/rudderlabs/pongo2/v6/filters.go:71.18,73.3 1 36
github.com/rudderlabs/pongo2/v6/filters.go:75.2,75.25 1 48
github.com/rudderlabs/pongo2/v6/filters.go:87.81,91.25 3 268
github.com/rudderlabs/pongo2/v6/filters.go:91.25,93.17 2 155
github.com/rudderlabs/pongo2/v6/filters.go:93.17,95.4 1 0
github.com/rudderlabs/pongo2/v6/filters.go:96.8,98.3 1 113
github.com/rudderlabs/pongo2/v6/filters.go:100.2,101.16 2 268
github.com/rudderlabs/pongo2/v6/filters.go:101.16,103.3 1 0
github.com/rudderlabs/pongo2/v6/filters.go:104.2,104.27 1 268
github.com/rudderlabs/pongo2/v6/filters.go:108.54,112.23 2 256
github.com/rudderlabs/pongo2/v6/filters.go:112.23,114.3 1 0
github.com/rudderlabs/pongo2/v6/filters.go:116.2,123.13 3 256
github.com/rudderlabs/pongo2/v6/filters.go:123.13,125.3 1 0
github.com/rudderlabs/pongo2/v6/filters.go:127.2,130.38 2 256
github.com/rudderlabs/pongo2/v6/filters.go:130.38,131.39 1 147
github.com/rudderlabs/pongo2/v6/filters.go:131.39,133.4 1 0
github.com/rudderlabs/pongo2/v6/filters.go:136.3,137.17 2 147
github.com/rudderlabs/pongo2/v6/filters.go:137.17,139.4 1 0
github.com/rudderlabs/pongo2/v6/filters.go:140.3,140.23 1 147
github.com/rudderlabs/pongo2/v6/filters.go:143.2,143.20 1 256
github.com/rudderlabs/pongo2/v6/filters_builtin.go:45.13,99.2 51 1
github.com/rudderlabs/pongo2/v6/filters_builtin.go:101.61,102.17 1 5
github.com/rudderlabs/pongo2/v6/filters_builtin.go:102.17,104.3 1 0
github.com/rudderlabs/pongo2/v6/filters_builtin.go:105.2,106.25 2 5
github.com/rudderlabs/pongo2/v6/filters_builtin.go:106.25,107.18 1 4
github.com/rudderlabs/pongo2/v6/filters_builtin.go:107.18,109.4 1 2
github.com/rudderlabs/pongo2/v6/filters_builtin.go:111.3,111.32 1 2
github.com/rudderlabs/pongo2/v6/filters_builtin.go:113.2,113.22 1 1
github.com/rudderlabs/pongo2/v6/filters_builtin.go:116.138,121.28 4 13
github.com/rudderlabs/pongo2/v6/filters_builtin.go:121.28,123.26 2 178
github.com/rudderlabs/pongo2/v6/filters_builtin.go:123.26,125.12 2 0
github.com/rudderlabs/pongo2/v6/filters_builtin.go:128.3,128.15 1 178
github.com/rudderlabs/pongo2/v6/filters_builtin.go:128.15,132.20 3 22
github.com/rudderlabs/pongo2/v6/filters_builtin.go:132.20,133.26 1 22
github.com/rudderlabs/pongo2/v6/filters_builtin.go:133.26,141.21 4 4
github.com/rudderlabs/pongo2/v6/filters_builtin.go:141.21,143.31 2 8
github.com/rudderlabs/pongo2/v6/filters_builtin.go:143.31,145.16 2 0
github.com/rudderlabs/pongo2/v6/filters_builtin.go:149.7,149.20 1 8
github.com/rudderlabs/pongo2/v6/filters_builtin.go:149.20,151.13 2 4
github.com/rudderlabs/pongo2/v6/filters_builtin.go:153.7,154.19 2 4
github.com/rudderlabs/pongo2/v6/filters_builtin.go:157.6,157.27 1 4
github.com/rudderlabs/pongo2/v6/filters_builtin.go:157.27,160.47 1 4
github.com/rudderlabs/pongo2/v6/filters_builtin.go:160.47,161.30 1 6
github.com/rudderlabs/pongo2/v6/filters_builtin.go:161.30,165.14 3 2
github.com/rudderlabs/pongo2/v6/filters_builtin.go:170.6,171.32 2 4
github.com/rudderlabs/pongo2/v6/filters_builtin.go:172.11,178.21 3 18
github.com/rudderlabs/pongo2/v6/filters_builtin.go:178.21,180.31 2 218
github.com/rudderlabs/pongo2/v6/filters_builtin.go:180.31,182.16 2 0
github.com/rudderlabs/pongo2/v6/filters_builtin.go:185.7,188.20 2 218
github.com/rudderlabs/pongo2/v6/filters_builtin.go:188.20,190.13 2 18
github.com/rudderlabs/pongo2/v6/filters_builtin.go:193.7,193.18 1 200
github.com/rudderlabs/pongo2/v6/filters_builtin.go:193.18,194.21 1 38
github.com/rudderlabs/pongo2/v6/filters_builtin.go:194.21,196.9 1 12
github.com/rudderlabs/pongo2/v6/filters_builtin.go:196.14,198.9 1 26
github.com/rudderlabs/pongo2/v6/filters_builtin.go:201.7,201.19 1 200
github.com/rudderlabs/pongo2/v6/filters_builtin.go:205.6,205.38 1 18
github.com/rudderlabs/pongo2/v6/filters_builtin.go:208.9,210.4 1 156
github.com/rudderlabs/pongo2/v6/filters_builtin.go:213.2,215.42 2 13
github.com/rudderlabs/pongo2/v6/filters_builtin.go:215.42,219.3 2 16
github.com/rudderlabs/pongo2/v6/filters_builtin.go:222.61,226.2 3 5
github.com/rudderlabs/pongo2/v6/filters_builtin.go:228.65,236.57 5 6
github.com/rudderlabs/pongo2/v6/filters_builtin.go:236.57,238.3 1 131
github.com/rudderlabs/pongo2/v6/filters_builtin.go:238.34,243.3 3 114
github.com/rudderlabs/pongo2/v6/filters_builtin.go:243.12,244.56 1 6
github.com/rudderlabs/pongo2/v6/filters_builtin.go:244.56,246.4 1 6
github.com/rudderlabs/pongo2/v6/filters_builtin.go:249.2,249.45 1 6
github.com/rudderlabs/pongo2/v6/filters_builtin.go:252.61,255.12 3 5
github.com/rudderlabs/pongo2/v6/filters_builtin.go:255.12,257.3 1 1
github.com/rudderlabs/pongo2/v6/filters_builtin.go:258.2,260.28 3 4
github.com/rudderlabs/pongo2/v6/filters_builtin.go:260.28,262.3 1 20
github.com/rudderlabs/pongo2/v6/filters_builtin.go:264.2,264.20 1 4
github.com/rudderlabs/pongo2/v6/filters_builtin.go:264.20,266.3 1 2
github.com/rudderlabs/pongo2/v6/filters_builtin.go:268.2,268.45 1 4
github.com/rudderlabs/pongo2/v6/filters_builtin.go:271.65,279.57 5 7
github.com/rudderlabs/pongo2/v6/filters_builtin.go:279.57,281.3 1 59
github.com/rudderlabs/pongo2/v6/filters_builtin.go:281.34,285.24 2 42
github.com/rudderlabs/pongo2/v6/filters_builtin.go:285.24,287.28 2 166
github.com/rudderlabs/pongo2/v6/filters_builtin.go:287.28,289.13 2 0
github.com/rudderlabs/pongo2/v6/filters_builtin.go:292.4,292.17 1 166
github.com/rudderlabs/pongo2/v6/filters_builtin.go:292.17,295.5 1 0
github.com/rudderlabs/pongo2/v6/filters_builtin.go:297.4,300.56 3 166
github.com/rudderlabs/pongo2/v6/filters_builtin.go:300.56,302.10 1 42
github.com/rudderlabs/pongo2/v6/filters_builtin.go:303.10,305.5 1 124
github.com/rudderlabs/pongo2/v6/filters_builtin.go:308.3,308.16 1 42
github.com/rudderlabs/pongo2/v6/filters_builtin.go:308.16,310.4 1 37
github.com/rudderlabs/pongo2/v6/filters_builtin.go:312.3,312.13 1 42
github.com/rudderlabs/pongo2/v6/filters_builtin.go:313.12,314.28 1 7
github.com/rudderlabs/pongo2/v6/filters_builtin.go:314.28,316.4 1 6
github.com/rudderlabs/pongo2/v6/filters_builtin.go:319.2,319.45 1 7
github.com/rudderlabs/pongo2/v6/filters_builtin.go:322.54,329.2 6 188
github.com/rudderlabs/pongo2/v6/filters_builtin.go:331.52,333.2 1 21
github.com/rudderlabs/pongo2/v6/filters_builtin.go:335.56,341.21 4 1
github.com/rudderlabs/pongo2/v6/filters_builtin.go:341.21,343.26 2 45
github.com/rudderlabs/pongo2/v6/filters_builtin.go:343.26,345.12 2 0
github.com/rudderlabs/pongo2/v6/filters_builtin.go:348.3,348.16 1 45
github.com/rudderlabs/pongo2/v6/filters_builtin.go:348.16,350.24 1 4
github.com/rudderlabs/pongo2/v6/filters_builtin.go:350.24,351.23 1 4
github.com/rudderlabs/pongo2/v6/filters_builtin.go:352.14,355.14 3 1
github.com/rudderlabs/pongo2/v6/filters_builtin.go:356.14,359.14 3 1
github.com/rudderlabs/pongo2/v6/filters_builtin.go:372.3,372.79 1 43
github.com/rudderlabs/pongo2/v6/filters_builtin.go:372.79,374.4 1 32
github.com/rudderlabs/pongo2/v6/filters_builtin.go:374.9,376.4 1 11
github.com/rudderlabs/pongo2/v6/filters_builtin.go:378.3,378.14 1 43
github.com/rudderlabs/pongo2/v6/filters_builtin.go:381.2,381.33 1 1
github.com/rudderlabs/pongo2/v6/filters_builtin.go:384.51,385.39 1 6
github.com/rudderlabs/pongo2/v6/filters_builtin.go:385.39,386.38 1 2
github.com/rudderlabs/pongo2/v6/filters_builtin.go:386.38,388.4 1 0
github.com/rudderlabs/pongo2/v6/filters_builtin.go:389.3,389.54 1 2
github.com/rudderlabs/pongo2/v6/filters_builtin.go:393.2,393.51 1 4
github.com/rudderlabs/pongo2/v6/filters_builtin.go:396.58,401.2 4 2
github.com/rudderlabs/pongo2/v6/filters_builtin.go:403.51,405.2 1 2
github.com/rudderlabs/pongo2/v6/filters_builtin.go:407.54,409.2 1 4
github.com/rudderlabs/pongo2/v6/filters_builtin.go:411.56,413.2 1 8
github.com/rudderlabs/pongo2/v6/filters_builtin.go:415.55,416.18 1 4
github.com/rudderlabs/pongo2/v6/filters_builtin.go:416.18,418.3 1 1
github.com/rudderlabs/pongo2/v6/filters_builtin.go:419.2,419.16 1 3
github.com/rudderlabs/pongo2/v6/filters_builtin.go:422.61,423.16 1 3
github.com/rudderlabs/pongo2/v6/filters_builtin.go:423.16,425.3 1 1
github.com/rudderlabs/pongo2/v6/filters_builtin.go:426.2,426.16 1 2
github.com/rudderlabs/pongo2/v6/filters_builtin.go:429.59,430.26 1 6
github.com/rudderlabs/pongo2/v6/filters_builtin.go:430.26,432.3 1 0
github.com/rudderlabs/pongo2/v6/filters_builtin.go:433.2,433.56 1 6
github.com/rudderlabs/pongo2/v6/filters_builtin.go:436.53,437.35 1 6
github.com/rudderlabs/pongo2/v6/filters_builtin.go:437.35,439.3 1 3
github.com/rudderlabs/pongo2/v6/filters_builtin.go:440.2,440.25 1 3
github.com/rudderlabs/pongo2/v6/filters_builtin.go:445.59,449.20 3 15
github.com/rudderlabs/pongo2/v6/filters_builtin.go:449.20,452.3 1 9
github.com/rudderlabs/pongo2/v6/filters_builtin.go:456.2,458.19 2 15
github.com/rudderlabs/pongo2/v6/filters_builtin.go:458.19,463.3 2 12
github.com/rudderlabs/pongo2/v6/filters_builtin.go:465.2,465.10 1 15
github.com/rudderlabs/pongo2/v6/filters_builtin.go:465.10,467.31 1 12
github.com/rudderlabs/pongo2/v6/filters_builtin.go:467.31,469.4 1 4
github.com/rudderlabs/pongo2/v6/filters_builtin.go:472.2,472.39 1 11
github.com/rudderlabs/pongo2/v6/filters_builtin.go:472.39,477.3 1 0
github.com/rudderlabs/pongo2/v6/filters_builtin.go:479.2,479.66 1 11
github.com/rudderlabs/pongo2/v6/filters_builtin.go:482.56,485.21 3 6
github.com/rudderlabs/pongo2/v6/filters_builtin.go:485.21,487.3 1 3
github.com/rudderlabs/pongo2/v6/filters_builtin.go:488.2,488.44 1 3
github.com/rudderlabs/pongo2/v6/filters_builtin.go:493.57,497.24 3 22
github.com/rudderlabs/pongo2/v6/filters_builtin.go:497.24,498.46 1 646
github.com/rudderlabs/pongo2/v6/filters_builtin.go:498.46,500.4 1 46
github.com/rudderlabs/pongo2/v6/filters_builtin.go:500.9,502.4 1 600
github.com/rudderlabs/pongo2/v6/filters_builtin.go:505.2,505.33 1 22
github.com/rudderlabs/pongo2/v6/filters_builtin.go:508.52,509.20 1 24
github.com/rudderlabs/pongo2/v6/filters_builtin.go:509.20,511.3 1 0
github.com/rudderlabs/pongo2/v6/filters_builtin.go:512.2,513.15 2 24
github.com/rudderlabs/pongo2/v6/filters_builtin.go:513.15,516.3 1 0
github.com/rudderlabs/pongo2/v6/filters_builtin.go:518.2,523.52 2 24
github.com/rudderlabs/pongo2/v6/filters_builtin.go:523.52,524.33 1 0
github.com/rudderlabs/pongo2/v6/filters_builtin.go:524.33,526.4 1 0
github.com/rudderlabs/pongo2/v6/filters_builtin.go:527.8,528.33 1 24
github.com/rudderlabs/pongo2/v6/filters_builtin.go:528.33,530.4 1 98
github.com/rudderlabs/pongo2/v6/filters_builtin.go:533.2,533.44 1 24
github.com/rudderlabs/pongo2/v6/filters_builtin.go:536.52,537.35 1 6
github.com/rudderlabs/pongo2/v6/filters_builtin.go:537.35,539.3 1 3
github.com/rudderlabs/pongo2/v6/filters_builtin.go:540.2,540.25 1 3
github.com/rudderlabs/pongo2/v6/filters_builtin.go:543.53,545.2 1 0
github.com/rudderlabs/pongo2/v6/filters_builtin.go:547.53,549.2 1 0
github.com/rudderlabs/pongo2/v6/filters_builtin.go:551.56,554.22 3 3
github.com/rudderlabs/pongo2/v6/filters_builtin.go:554.22,556.3 1 19
github.com/rudderlabs/pongo2/v6/filters_builtin.go:557.2,557.29 1 3
github.com/rudderlabs/pongo2/v6/filters_builtin.go:560.56,561.19 1 5
github.com/rudderlabs/pongo2/v6/filters_builtin.go:561.19,563.3 1 2
github.com/rudderlabs/pongo2/v6/filters_builtin.go:564.2,566.60 3 3
github.com/rudderlabs/pongo2/v6/filters_builtin.go:571.54,574.19 3 8
github.com/rudderlabs/pongo2/v6/filters_builtin.go:574.19,576.3 1 1
github.com/rudderlabs/pongo2/v6/filters_builtin.go:578.2,580.29 2 7
github.com/rudderlabs/pongo2/v6/filters_builtin.go:580.29,585.3 1 0
github.com/rudderlabs/pongo2/v6/filters_builtin.go:587.2,591.49 3 7
github.com/rudderlabs/pongo2/v6/filters_builtin.go:594.52,596.13 2 0
github.com/rudderlabs/pongo2/v6/filters_builtin.go:596.13,601.3 1 0
github.com/rudderlabs/pongo2/v6/filters_builtin.go:602.2,602.47 1 0
github.com/rudderlabs/pongo2/v6/filters_builtin.go:605.53,607.2 1 11
github.com/rudderlabs/pongo2/v6/filters_builtin.go:609.55,611.2 1 8
github.com/rudderlabs/pongo2/v6/filters_builtin.go:613.58,614.19 1 4
github.com/rudderlabs/pongo2/v6/filters_builtin.go:614.19,616.3 1 1
github.com/rudderlabs/pongo2/v6/filters_builtin.go:618.2,627.31 5 3
github.com/rudderlabs/pongo2/v6/filters_builtin.go:627.31,629.14 1 9
github.com/rudderlabs/pongo2/v6/filters_builtin.go:629.14,632.4 2 5
github.com/rudderlabs/pongo2/v6/filters_builtin.go:634.3,636.62 2 9
github.com/rudderlabs/pongo2/v6/filters_builtin.go:636.62,638.45 1 4
github.com/rudderlabs/pongo2/v6/filters_builtin.go:638.45,640.15 1 2
github.com/rudderlabs/pongo2/v6/filters_builtin.go:640.15,643.6 2 2
github.com/rudderlabs/pongo2/v6/filters_builtin.go:644.10,646.5 1 2
github.com/rudderlabs/pongo2/v6/filters_builtin.go:650.2,650.12 1 3
github.com/rudderlabs/pongo2/v6/filters_builtin.go:650.12,652.3 1 3
github.com/rudderlabs/pongo2/v6/filters_builtin.go:654.2,654.33 1 3
github.com/rudderlabs/pongo2/v6/filters_builtin.go:657.53,661.2 2 1
github.com/rudderlabs/pongo2/v6/filters_builtin.go:663.60,665.2 1 3
github.com/rudderlabs/pongo2/v6/filters_builtin.go:667.59,670.31 3 1
github.com/rudderlabs/pongo2/v6/filters_builtin.go:670.31,672.3 1 10
github.com/rudderlabs/pongo2/v6/filters_builtin.go:673.2,673.49 1 1
github.com/rudderlabs/pongo2/v6/filters_builtin.go:676.53,678.15 2 4
github.com/rudderlabs/pongo2/v6/filters_builtin.go:678.15,680.3 1 1
github.com/rudderlabs/pongo2/v6/filters_builtin.go:681.2,681.28 1 4
github.com/rudderlabs/pongo2/v6/filters_builtin.go:681.28,686.3 1 0
github.com/rudderlabs/pongo2/v6/filters_builtin.go:687.2,687.83 1 4
github.com/rudderlabs/pongo2/v6/filters_builtin.go:690.57,692.2 1 1
github.com/rudderlabs/pongo2/v6/filters_builtin.go:700.83,702.88 2 6
github.com/rudderlabs/pongo2/v6/filters_builtin.go:702.88,705.38 3 21
github.com/rudderlabs/pongo2/v6/filters_builtin.go:705.38,707.4 1 3
github.com/rudderlabs/pongo2/v6/filters_builtin.go:708.3,708.38 1 21
github.com/rudderlabs/pongo2/v6/filters_builtin.go:708.38,710.4 1 18
github.com/rudderlabs/pongo2/v6/filters_builtin.go:712.3,715.17 3 21
github.com/rudderlabs/pongo2/v6/filters_builtin.go:715.17,718.4 2 0
github.com/rudderlabs/pongo2/v6/filters_builtin.go:719.3,721.38 2 21
github.com/rudderlabs/pongo2/v6/filters_builtin.go:721.38,723.4 1 11
github.com/rudderlabs/pongo2/v6/filters_builtin.go:725.3,727.38 2 21
github.com/rudderlabs/pongo2/v6/filters_builtin.go:727.38,729.4 1 6
github.com/rudderlabs/pongo2/v6/filters_builtin.go:731.3,731.17 1 21
github.com/rudderlabs/pongo2/v6/filters_builtin.go:731.17,733.18 2 15
github.com/rudderlabs/pongo2/v6/filters_builtin.go:733.18,736.5 2 0
github.com/rudderlabs/pongo2/v6/filters_builtin.go:737.4,737.22 1 15
github.com/rudderlabs/pongo2/v6/filters_builtin.go:740.3,740.91 1 21
github.com/rudderlabs/pongo2/v6/filters_builtin.go:742.2,742.20 1 6
github.com/rudderlabs/pongo2/v6/filters_builtin.go:742.20,744.3 1 0
github.com/rudderlabs/pongo2/v6/filters_builtin.go:746.2,746.85 1 6
github.com/rudderlabs/pongo2/v6/filters_builtin.go:746.85,749.38 2 3
github.com/rudderlabs/pongo2/v6/filters_builtin.go:749.38,751.4 1 1
github.com/rudderlabs/pongo2/v6/filters_builtin.go:753.3,753.64 1 3
github.com/rudderlabs/pongo2/v6/filters_builtin.go:756.2,756.18 1 6
github.com/rudderlabs/pongo2/v6/filters_builtin.go:759.54,761.20 2 5
github.com/rudderlabs/pongo2/v6/filters_builtin.go:761.20,763.3 1 2
github.com/rudderlabs/pongo2/v6/filters_builtin.go:765.2,766.16 2 5
github.com/rudderlabs/pongo2/v6/filters_builtin.go:766.16,771.3 1 0
github.com/rudderlabs/pongo2/v6/filters_builtin.go:773.2,773.24 1 5
github.com/rudderlabs/pongo2/v6/filters_builtin.go:776.59,778.16 2 1
github.com/rudderlabs/pongo2/v6/filters_builtin.go:778.16,783.3 1 0
github.com/rudderlabs/pongo2/v6/filters_builtin.go:784.2,784.24 1 1
github.com/rudderlabs/pongo2/v6/filters_builtin.go:787.60,789.2 1 3
github.com/rudderlabs/pongo2/v6/filters_builtin.go:793.57,800.2 3 7
github.com/rudderlabs/pongo2/v6/filters_builtin.go:809.61,811.43 2 1
github.com/rudderlabs/pongo2/v6/filters_builtin.go:811.43,814.3 2 26
github.com/rudderlabs/pongo2/v6/filters_builtin.go:815.2,815.26 1 1
github.com/rudderlabs/pongo2/v6/filters_builtin.go:818.57,819.19 1 15
github.com/rudderlabs/pongo2/v6/filters_builtin.go:819.19,821.22 1 15
github.com/rudderlabs/pongo2/v6/filters_builtin.go:821.22,823.24 2 12
github.com/rudderlabs/pongo2/v6/filters_builtin.go:823.24,828.5 1 0
github.com/rudderlabs/pongo2/v6/filters_builtin.go:829.4,829.25 1 12
github.com/rudderlabs/pongo2/v6/filters_builtin.go:829.25,831.26 1 9
github.com/rudderlabs/pongo2/v6/filters_builtin.go:831.26,833.6 1 6
github.com/rudderlabs/pongo2/v6/filters_builtin.go:834.10,835.26 1 3
github.com/rudderlabs/pongo2/v6/filters_builtin.go:835.26,838.6 1 2
github.com/rudderlabs/pongo2/v6/filters_builtin.go:839.5,839.36 1 1
github.com/rudderlabs/pongo2/v6/filters_builtin.go:841.9,842.25 1 3
github.com/rudderlabs/pongo2/v6/filters_builtin.go:842.25,845.5 1 2
github.com/rudderlabs/pongo2/v6/filters_builtin.go:848.3,848.26 1 4
github.com/rudderlabs/pongo2/v6/filters_builtin.go:850.2,853.3 1 0
github.com/rudderlabs/pongo2/v6/filters_builtin.go:856.54,857.37 1 4
github.com/rudderlabs/pongo2/v6/filters_builtin.go:857.37,859.3 1 2
github.com/rudderlabs/pongo2/v6/filters_builtin.go:860.2,861.25 2 2
github.com/rudderlabs/pongo2/v6/filters_builtin.go:866.58,871.27 3 1
github.com/rudderlabs/pongo2/v6/filters_builtin.go:871.27,872.30 1 1
github.com/rudderlabs/pongo2/v6/filters_builtin.go:872.30,877.4 1 0
github.com/rudderlabs/pongo2/v6/filters_builtin.go:879.3,880.17 2 1
github.com/rudderlabs/pongo2/v6/filters_builtin.go:880.17,885.4 1 0
github.com/rudderlabs/pongo2/v6/filters_builtin.go:886.3,886.33 1 1
github.com/rudderlabs/pongo2/v6/filters_builtin.go:889.2,889.43 1 1
github.com/rudderlabs/pongo2/v6/filters_builtin.go:892.53,894.30 2 4
github.com/rudderlabs/pongo2/v6/filters_builtin.go:894.30,899.3 1 0
github.com/rudderlabs/pongo2/v6/filters_builtin.go:900.2,900.78 1 4
github.com/rudderlabs/pongo2/v6/filters_builtin.go:903.53,905.20 2 23
github.com/rudderlabs/pongo2/v6/filters_builtin.go:905.20,910.3 1 0
github.com/rudderlabs/pongo2/v6/filters_builtin.go:912.2,912.20 1 23
github.com/rudderlabs/pongo2/v6/filters_builtin.go:912.20,914.3 1 0
github.com/rudderlabs/pongo2/v6/filters_builtin.go:917.2,921.14 3 23
github.com/rudderlabs/pongo2/v6/filters_builtin.go:921.14,923.3 1 10
github.com/rudderlabs/pongo2/v6/filters_builtin.go:926.2,926.15 1 23
github.com/rudderlabs/pongo2/v6/filters_builtin.go:926.15,928.3 1 1
github.com/rudderlabs/pongo2/v6/filters_builtin.go:930.2,932.38 2 23
github.com/rudderlabs/pongo2/v6/filters_builtin.go:932.38,934.3 1 5
github.com/rudderlabs/pongo2/v6/filters_builtin.go:937.2,937.13 1 23
github.com/rudderlabs/pongo2/v6/filters_builtin.go:937.13,939.3 1 8
github.com/rudderlabs/pongo2/v6/filters_builtin.go:942.2,942.16 1 23
github.com/rudderlabs/pongo2/v6/filters_builtin.go:942.16,944.3 1 3
github.com/rudderlabs/pongo2/v6/filters_builtin.go:947.2,947.36 1 23
github.com/rudderlabs/pongo2/v6/filters_builtin.go:947.36,949.3 1 21
github.com/rudderlabs/pongo2/v6/filters_builtin.go:951.2,951.32 1 23
github.com/rudderlabs/pongo2/v6/filters_builtin.go:954.53,955.20 1 7
github.com/rudderlabs/pongo2/v6/filters_builtin.go:955.20,957.3 1 1
github.com/rudderlabs/pongo2/v6/filters_builtin.go:958.2,959.65 2 6
github.com/rudderlabs/pongo2/v6/filters_builtin.go:962.57,964.2 1 3
github.com/rudderlabs/pongo2/v6/filters_builtin.go:966.56,970.17 4 3
github.com/rudderlabs/pongo2/v6/filters_builtin.go:970.17,972.3 1 0
github.com/rudderlabs/pongo2/v6/filters_builtin.go:974.2,975.25 2 3
github.com/rudderlabs/pongo2/v6/filters_builtin.go:975.25,977.3 1 2
github.com/rudderlabs/pongo2/v6/filters_builtin.go:978.2,979.33 2 3
github.com/rudderlabs/pongo2/v6/filters_builtin.go:979.33,981.3 1 8
github.com/rudderlabs/pongo2/v6/filters_builtin.go:982.2,982.48 1 3
github.com/rudderlabs/pongo2/v6/filters_builtin.go:985.53,993.26 4 13
github.com/rudderlabs/pongo2/v6/filters_builtin.go:993.26,994.29 1 9
github.com/rudderlabs/pongo2/v6/filters_builtin.go:994.29,999.4 1 0
github.com/rudderlabs/pongo2/v6/filters_builtin.go:1000.3,1000.29 1 9
github.com/rudderlabs/pongo2/v6/filters_builtin.go:1000.29,1005.4 1 0
github.com/rudderlabs/pongo2/v6/filters_builtin.go:1008.3,1010.30 3 9
github.com/rudderlabs/pongo2/v6/filters_builtin.go:1010.30,1012.4 1 8
github.com/rudderlabs/pongo2/v6/filters_builtin.go:1016.2,1016.16 1 13
github.com/rudderlabs/pongo2/v6/filters_builtin.go:1016.16,1018.3 1 1
github.com/rudderlabs/pongo2/v6/filters_builtin.go:1021.2,1021.17 1 12
github.com/rudderlabs/pongo2/v6/filters_builtin.go:1021.17,1023.3 1 8
github.com/rudderlabs/pongo2/v6/filters_builtin.go:1026.2,1026.33 1 4
github.com/rudderlabs/pongo2/v6/helpers.go:3.24,4.11 1 31
github.com/rudderlabs/pongo2/v6/helpers.go:4.11,6.3 1 23
github.com/rudderlabs/pongo2/v6/helpers.go:7.2,7.10 1 8
github.com/rudderlabs/pongo2/v6/helpers.go:10.24,11.11 1 12
github.com/rudderlabs/pongo2/v6/helpers.go:11.11,13.3 1 7
github.com/rudderlabs/pongo2/v6/helpers.go:14.2,14.10 1 5
github.com/rudderlabs/pongo2/v6/lexer.go:78.33,80.21 2 0
github.com/rudderlabs/pongo2/v6/lexer.go:80.21,82.3 1 0
github.com/rudderlabs/pongo2/v6/lexer.go:84.2,85.15 2 0
github.com/rudderlabs/pongo2/v6/lexer.go:86.17,87.15 1 0
github.com/rudderlabs/pongo2/v6/lexer.go:88.18,89.16 1 0
github.com/rudderlabs/pongo2/v6/lexer.go:90.23,91.21 1 0
github.com/rudderlabs/pongo2/v6/lexer.go:92.20,93.18 1 0
github.com/rudderlabs/pongo2/v6/lexer.go:94.19,95.17 1 0
github.com/rudderlabs/pongo2/v6/lexer.go:96.19,97.17 1 0
github.com/rudderlabs/pongo2/v6/lexer.go:98.19,99.17 1 0
github.com/rudderlabs/pongo2/v6/lexer.go:100.16,101.14 1 0
github.com/rudderlabs/pongo2/v6/lexer.go:102.10,103.18 1 0
github.com/rudderlabs/pongo2/v6/lexer.go:106.2,107.53 1 0
github.com/rudderlabs/pongo2/v6/lexer.go:110.49,121.15 3 66
github.com/rudderlabs/pongo2/v6/lexer.go:121.15,130.3 2 0
github.com/rudderlabs/pongo2/v6/lexer.go:131.2,131.22 1 66
github.com/rudderlabs/pongo2/v6/lexer.go:134.32,136.2 1 12681
github.com/rudderlabs/pongo2/v6/lexer.go:138.30,140.2 1 1870
github.com/rudderlabs/pongo2/v6/lexer.go:142.35,151.22 2 3733
github.com/rudderlabs/pongo2/v6/lexer.go:151.22,155.3 2 216
github.com/rudderlabs/pongo2/v6/lexer.go:157.2,157.115 1 3733
github.com/rudderlabs/pongo2/v6/lexer.go:157.115,160.3 2 0
github.com/rudderlabs/pongo2/v6/lexer.go:162.2,165.20 4 3733
github.com/rudderlabs/pongo2/v6/lexer.go:168.29,169.27 1 36577
github.com/rudderlabs/pongo2/v6/lexer.go:169.27,172.3 2 132
github.com/rudderlabs/pongo2/v6/lexer.go:173.2,177.10 5 36445
github.com/rudderlabs/pongo2/v6/lexer.go:180.26,183.2 2 19883
github.com/rudderlabs/pongo2/v6/lexer.go:185.29,189.2 3 4930
github.com/rudderlabs/pongo2/v6/lexer.go:191.26,195.2 3 1728
github.com/rudderlabs/pongo2/v6/lexer.go:197.42,198.42 1 15501
github.com/rudderlabs/pongo2/v6/lexer.go:198.42,200.3 1 2927
github.com/rudderlabs/pongo2/v6/lexer.go:201.2,202.14 2 12574
github.com/rudderlabs/pongo2/v6/lexer.go:205.40,206.43 1 2163
github.com/rudderlabs/pongo2/v6/lexer.go:206.44,207.3 0 6102
github.com/rudderlabs/pongo2/v6/lexer.go:208.2,208.12 1 2163
github.com/rudderlabs/pongo2/v6/lexer.go:211.65,224.2 6 0
github.com/rudderlabs/pongo2/v6/lexer.go:226.23,227.6 1 66
github.com/rudderlabs/pongo2/v6/lexer.go:227.6,230.19 1 5103
github.com/rudderlabs/pongo2/v6/lexer.go:230.19,232.18 2 0
github.com/rudderlabs/pongo2/v6/lexer.go:232.18,234.5 1 0
github.com/rudderlabs/pongo2/v6/lexer.go:235.4,235.86 1 0
github.com/rudderlabs/pongo2/v6/lexer.go:235.86,236.24 1 0
github.com/rudderlabs/pongo2/v6/lexer.go:236.24,238.6 1 0
github.com/rudderlabs/pongo2/v6/lexer.go:239.5,243.25 5 0
github.com/rudderlabs/pongo2/v6/lexer.go:245.9,245.66 1 5103
github.com/rudderlabs/pongo2/v6/lexer.go:245.66,246.23 1 0
github.com/rudderlabs/pongo2/v6/lexer.go:246.23,248.5 1 0
github.com/rudderlabs/pongo2/v6/lexer.go:249.4,253.14 5 0
github.com/rudderlabs/pongo2/v6/lexer.go:256.3,256.20 1 5103
github.com/rudderlabs/pongo2/v6/lexer.go:256.20,258.48 1 5103
github.com/rudderlabs/pongo2/v6/lexer.go:258.48,259.24 1 7
github.com/rudderlabs/pongo2/v6/lexer.go:259.24,261.6 1 5
github.com/rudderlabs/pongo2/v6/lexer.go:263.5,266.9 3 7
github.com/rudderlabs/pongo2/v6/lexer.go:266.9,267.22 1 344
github.com/rudderlabs/pongo2/v6/lexer.go:268.15,270.13 2 0
github.com/rudderlabs/pongo2/v6/lexer.go:271.16,273.13 2 0
github.com/rudderlabs/pongo2/v6/lexer.go:276.6,276.50 1 344
github.com/rudderlabs/pongo2/v6/lexer.go:276.50,279.12 3 7
github.com/rudderlabs/pongo2/v6/lexer.go:282.6,282.14 1 337
github.com/rudderlabs/pongo2/v6/lexer.go:284.5,287.13 2 7
github.com/rudderlabs/pongo2/v6/lexer.go:290.4,291.46 1 5096
github.com/rudderlabs/pongo2/v6/lexer.go:291.46,292.24 1 530
github.com/rudderlabs/pongo2/v6/lexer.go:292.24,294.6 1 416
github.com/rudderlabs/pongo2/v6/lexer.go:295.5,296.18 2 530
github.com/rudderlabs/pongo2/v6/lexer.go:296.18,298.6 1 0
github.com/rudderlabs/pongo2/v6/lexer.go:299.5,299.13 1 530
github.com/rudderlabs/pongo2/v6/lexer.go:303.3,303.19 1 4566
github.com/rudderlabs/pongo2/v6/lexer.go:304.13,306.13 2 597
github.com/rudderlabs/pongo2/v6/lexer.go:308.3,308.22 1 4566
github.com/rudderlabs/pongo2/v6/lexer.go:308.22,309.9 1 66
github.com/rudderlabs/pongo2/v6/lexer.go:313.2,313.21 1 66
github.com/rudderlabs/pongo2/v6/lexer.go:313.21,315.3 1 20
github.com/rudderlabs/pongo2/v6/lexer.go:317.2,317.18 1 66
github.com/rudderlabs/pongo2/v6/lexer.go:317.18,319.3 1 0
github.com/rudderlabs/pongo2/v6/lexer.go:322.28,323.42 1 530
github.com/rudderlabs/pongo2/v6/lexer.go:323.42,325.3 1 3374
github.com/rudderlabs/pongo2/v6/lexer.go:328.42,330.6 1 1952
github.com/rudderlabs/pongo2/v6/lexer.go:330.6,331.10 1 4581
github.com/rudderlabs/pongo2/v6/lexer.go:332.34,333.25 1 1289
github.com/rudderlabs/pongo2/v6/lexer.go:333.25,335.5 1 0
github.com/rudderlabs/pongo2/v6/lexer.go:336.4,337.12 2 1289
github.com/rudderlabs/pongo2/v6/lexer.go:338.39,339.28 1 957
github.com/rudderlabs/pongo2/v6/lexer.go:340.30,341.24 1 249
github.com/rudderlabs/pongo2/v6/lexer.go:342.23,343.24 1 216
github.com/rudderlabs/pongo2/v6/lexer.go:347.3,347.36 1 1870
github.com/rudderlabs/pongo2/v6/lexer.go:347.36,348.49 1 32463
github.com/rudderlabs/pongo2/v6/lexer.go:348.49,353.67 4 1870
github.com/rudderlabs/pongo2/v6/lexer.go:353.67,356.6 1 530
github.com/rudderlabs/pongo2/v6/lexer.go:358.5,358.24 1 1340
github.com/rudderlabs/pongo2/v6/lexer.go:362.3,362.8 1 0
github.com/rudderlabs/pongo2/v6/lexer.go:366.2,366.12 1 0
github.com/rudderlabs/pongo2/v6/lexer.go:369.48,372.35 3 957
github.com/rudderlabs/pongo2/v6/lexer.go:372.35,373.22 1 7443
github.com/rudderlabs/pongo2/v6/lexer.go:373.22,376.4 2 53
github.com/rudderlabs/pongo2/v6/lexer.go:377.3,377.18 1 7390
github.com/rudderlabs/pongo2/v6/lexer.go:377.18,380.4 2 0
github.com/rudderlabs/pongo2/v6/lexer.go:382.2,383.20 2 904
github.com/rudderlabs/pongo2/v6/lexer.go:386.44,388.46 2 249
github.com/rudderlabs/pongo2/v6/lexer.go:388.46,392.3 1 0
github.com/rudderlabs/pongo2/v6/lexer.go:407.2,408.20 2 249
github.com/rudderlabs/pongo2/v6/lexer.go:411.44,415.31 4 216
github.com/rudderlabs/pongo2/v6/lexer.go:415.31,416.19 1 2742
github.com/rudderlabs/pongo2/v6/lexer.go:417.13,419.20 1 20
github.com/rudderlabs/pongo2/v6/lexer.go:420.19,421.13 1 20
github.com/rudderlabs/pongo2/v6/lexer.go:422.12,423.63 1 0
github.com/rudderlabs/pongo2/v6/lexer.go:425.12,426.57 1 0
github.com/rudderlabs/pongo2/v6/lexer.go:427.13,428.56 1 0
github.com/rudderlabs/pongo2/v6/lexer.go:431.2,437.20 5 216
github.com/rudderlabs/pongo2/v6/nodes.go:8.87,9.30 1 56
github.com/rudderlabs/pongo2/v6/nodes.go:9.30,11.17 2 677
github.com/rudderlabs/pongo2/v6/nodes.go:11.17,13.4 1 6
github.com/rudderlabs/pongo2/v6/nodes.go:15.2,15.12 1 50
github.com/rudderlabs/pongo2/v6/nodes_html.go:13.81,15.16 2 566
github.com/rudderlabs/pongo2/v6/nodes_html.go:15.16,17.3 1 0
github.com/rudderlabs/pongo2/v6/nodes_html.go:18.2,18.17 1 566
github.com/rudderlabs/pongo2/v6/nodes_html.go:18.17,20.3 1 0
github.com/rudderlabs/pongo2/v6/nodes_html.go:21.2,22.16 2 566
github.com/rudderlabs/pongo2/v6/nodes_html.go:22.16,24.3 1 0
github.com/rudderlabs/pongo2/v6/nodes_html.go:25.2,25.12 1 566
github.com/rudderlabs/pongo2/v6/nodes_wrapper.go:8.90,9.34 1 126
github.com/rudderlabs/pongo2/v6/nodes_wrapper.go:9.34,11.17 2 411
github.com/rudderlabs/pongo2/v6/nodes_wrapper.go:11.17,13.4 1 0
github.com/rudderlabs/pongo2/v6/nodes_wrapper.go:15.2,15.12 1 126
github.com/rudderlabs/pongo2/v6/options.go:13.28,18.2 1 68
github.com/rudderlabs/pongo2/v6/options.go:21.53,26.2 3 66
github.com/rudderlabs/pongo2/v6/parser.go:42.74,48.21 2 267
github.com/rudderlabs/pongo2/v6/parser.go:48.21,50.3 1 154
github.com/rudderlabs/pongo2/v6/parser.go:51.2,51.10 1 267
github.com/rudderlabs/pongo2/v6/parser.go:55.28,57.2 1 3809
github.com/rudderlabs/pongo2/v6/parser.go:60.38,62.2 1 3899
github.com/rudderlabs/pongo2/v6/parser.go:65.35,67.2 1 2760
github.com/rudderlabs/pongo2/v6/parser.go:71.50,72.36 1 516
github.com/rudderlabs/pongo2/v6/parser.go:72.36,75.3 2 515
github.com/rudderlabs/pongo2/v6/parser.go:76.2,76.12 1 1
github.com/rudderlabs/pongo2/v6/parser.go:81.58,82.37 1 4472
github.com/rudderlabs/pongo2/v6/parser.go:82.37,85.3 2 1247
github.com/rudderlabs/pongo2/v6/parser.go:86.2,86.12 1 3225
github.com/rudderlabs/pongo2/v6/parser.go:92.65,93.27 1 1405
github.com/rudderlabs/pongo2/v6/parser.go:93.27,94.38 1 4469
github.com/rudderlabs/pongo2/v6/parser.go:94.38,97.4 2 67
github.com/rudderlabs/pongo2/v6/parser.go:99.2,99.12 1 1338
github.com/rudderlabs/pongo2/v6/parser.go:104.49,106.2 1 974
github.com/rudderlabs/pongo2/v6/parser.go:110.57,112.2 1 9779
github.com/rudderlabs/pongo2/v6/parser.go:117.64,118.25 1 1807
github.com/rudderlabs/pongo2/v6/parser.go:118.25,120.15 2 4065
github.com/rudderlabs/pongo2/v6/parser.go:120.15,122.4 1 47
github.com/rudderlabs/pongo2/v6/parser.go:124.2,124.12 1 1760
github.com/rudderlabs/pongo2/v6/parser.go:130.69,132.14 2 14057
github.com/rudderlabs/pongo2/v6/parser.go:132.14,133.35 1 13604
github.com/rudderlabs/pongo2/v6/parser.go:133.35,135.4 1 1617
github.com/rudderlabs/pongo2/v6/parser.go:137.2,137.12 1 12440
github.com/rudderlabs/pongo2/v6/parser.go:142.61,144.14 2 1959
github.com/rudderlabs/pongo2/v6/parser.go:144.14,145.19 1 1920
github.com/rudderlabs/pongo2/v6/parser.go:145.19,147.4 1 1648
github.com/rudderlabs/pongo2/v6/parser.go:149.2,149.12 1 311
github.com/rudderlabs/pongo2/v6/parser.go:153.34,155.2 1 1991
github.com/rudderlabs/pongo2/v6/parser.go:158.30,160.2 1 85
github.com/rudderlabs/pongo2/v6/parser.go:163.36,164.33 1 18776
github.com/rudderlabs/pongo2/v6/parser.go:164.33,166.3 1 18284
github.com/rudderlabs/pongo2/v6/parser.go:167.2,167.12 1 492
github.com/rudderlabs/pongo2/v6/parser.go:172.41,175.2 2 0
github.com/rudderlabs/pongo2/v6/parser.go:181.56,182.18 1 0
github.com/rudderlabs/pongo2/v6/parser.go:182.18,185.19 2 0
github.com/rudderlabs/pongo2/v6/parser.go:185.19,187.25 1 0
github.com/rudderlabs/pongo2/v6/parser.go:187.25,189.5 1 0
github.com/rudderlabs/pongo2/v6/parser.go:192.2,193.18 2 0
github.com/rudderlabs/pongo2/v6/parser.go:193.18,196.3 2 0
github.com/rudderlabs/pongo2/v6/parser.go:197.2,205.3 1 0
github.com/rudderlabs/pongo2/v6/parser.go:211.80,216.24 3 83
github.com/rudderlabs/pongo2/v6/parser.go:216.24,218.39 1 244
github.com/rudderlabs/pongo2/v6/parser.go:218.39,221.23 2 114
github.com/rudderlabs/pongo2/v6/parser.go:221.23,225.29 2 114
github.com/rudderlabs/pongo2/v6/parser.go:225.29,226.27 1 143
github.com/rudderlabs/pongo2/v6/parser.go:226.27,228.12 2 83
github.com/rudderlabs/pongo2/v6/parser.go:233.5,233.14 1 114
github.com/rudderlabs/pongo2/v6/parser.go:233.14,237.10 2 83
github.com/rudderlabs/pongo2/v6/parser.go:237.10,238.44 1 83
github.com/rudderlabs/pongo2/v6/parser.go:238.44,242.8 2 83
github.com/rudderlabs/pongo2/v6/parser.go:243.7,245.19 3 0
github.com/rudderlabs/pongo2/v6/parser.go:245.19,247.8 1 0
github.com/rudderlabs/pongo2/v6/parser.go:248.7,248.35 1 0
github.com/rudderlabs/pongo2/v6/parser.go:256.3,257.17 2 161
github.com/rudderlabs/pongo2/v6/parser.go:257.17,259.4 1 0
github.com/rudderlabs/pongo2/v6/parser.go:260.3,260.46 1 161
github.com/rudderlabs/pongo2/v6/parser.go:263.2,264.15 1 0
github.com/rudderlabs/pongo2/v6/parser.go:268.55,269.24 1 7
github.com/rudderlabs/pongo2/v6/parser.go:269.24,271.39 1 38
github.com/rudderlabs/pongo2/v6/parser.go:271.39,274.23 2 11
github.com/rudderlabs/pongo2/v6/parser.go:274.23,278.29 2 11
github.com/rudderlabs/pongo2/v6/parser.go:278.29,279.27 1 11
github.com/rudderlabs/pongo2/v6/parser.go:279.27,281.12 2 7
github.com/rudderlabs/pongo2/v6/parser.go:286.5,286.14 1 11
github.com/rudderlabs/pongo2/v6/parser.go:286.14,290.10 2 7
github.com/rudderlabs/pongo2/v6/parser.go:290.10,291.44 1 7
github.com/rudderlabs/pongo2/v6/parser.go:291.44,294.8 1 7
github.com/rudderlabs/pongo2/v6/parser.go:297.7,298.29 2 0
github.com/rudderlabs/pongo2/v6/parser.go:298.29,301.8 1 0
github.com/rudderlabs/pongo2/v6/parser.go:306.3,308.15 3 31
github.com/rudderlabs/pongo2/v6/parser.go:308.15,310.4 1 0
github.com/rudderlabs/pongo2/v6/parser.go:313.2,313.106 1 0
github.com/rudderlabs/pongo2/v6/parser_document.go:6.52,9.15 2 865
github.com/rudderlabs/pongo2/v6/parser_document.go:10.17,17.16 7 430
github.com/rudderlabs/pongo2/v6/parser_document.go:18.19,19.16 1 435
github.com/rudderlabs/pongo2/v6/parser_document.go:20.13,23.18 2 317
github.com/rudderlabs/pongo2/v6/parser_document.go:23.18,25.5 1 0
github.com/rudderlabs/pongo2/v6/parser_document.go:26.4,26.24 1 317
github.com/rudderlabs/pongo2/v6/parser_document.go:27.13,30.18 2 118
github.com/rudderlabs/pongo2/v6/parser_document.go:30.18,32.5 1 0
github.com/rudderlabs/pongo2/v6/parser_document.go:33.4,33.19 1 118
github.com/rudderlabs/pongo2/v6/parser_document.go:36.2,36.102 1 0
github.com/rudderlabs/pongo2/v6/parser_document.go:39.37,42.16 3 66
github.com/rudderlabs/pongo2/v6/parser_document.go:42.16,44.3 1 0
github.com/rudderlabs/pongo2/v6/parser_document.go:45.2,46.12 2 66
github.com/rudderlabs/pongo2/v6/parser_document.go:49.58,52.24 2 66
github.com/rudderlabs/pongo2/v6/parser_document.go:52.24,54.17 2 704
github.com/rudderlabs/pongo2/v6/parser_document.go:54.17,56.4 1 0
github.com/rudderlabs/pongo2/v6/parser_document.go:57.3,57.38 1 704
github.com/rudderlabs/pongo2/v6/parser_document.go:60.2,60.17 1 66
github.com/rudderlabs/pongo2/v6/parser_expression.go:48.57,51.2 1 6
github.com/rudderlabs/pongo2/v6/parser_expression.go:53.67,56.2 1 25
github.com/rudderlabs/pongo2/v6/parser_expression.go:58.63,61.2 1 28
github.com/rudderlabs/pongo2/v6/parser_expression.go:63.56,65.2 1 0
github.com/rudderlabs/pongo2/v6/parser_expression.go:67.51,70.2 1 14
github.com/rudderlabs/pongo2/v6/parser_expression.go:72.52,75.2 1 0
github.com/rudderlabs/pongo2/v6/parser_expression.go:77.51,79.2 1 0
github.com/rudderlabs/pongo2/v6/parser_expression.go:81.61,83.2 1 0
github.com/rudderlabs/pongo2/v6/parser_expression.go:85.57,87.2 1 0
github.com/rudderlabs/pongo2/v6/parser_expression.go:89.50,91.2 1 0
github.com/rudderlabs/pongo2/v6/parser_expression.go:93.45,95.2 1 0
github.com/rudderlabs/pongo2/v6/parser_expression.go:97.46,99.2 1 0
github.com/rudderlabs/pongo2/v6/parser_expression.go:101.86,103.16 2 0
github.com/rudderlabs/pongo2/v6/parser_expression.go:103.16,105.3 1 0
github.com/rudderlabs/pongo2/v6/parser_expression.go:106.2,106.62 1 0
github.com/rudderlabs/pongo2/v6/parser_expression.go:106.62,108.3 1 0
github.com/rudderlabs/pongo2/v6/parser_expression.go:109.2,109.12 1 0
github.com/rudderlabs/pongo2/v6/parser_expression.go:112.96,114.16 2 0
github.com/rudderlabs/pongo2/v6/parser_expression.go:114.16,116.3 1 0
github.com/rudderlabs/pongo2/v6/parser_expression.go:117.2,117.62 1 0
github.com/rudderlabs/pongo2/v6/parser_expression.go:117.62,119.3 1 0
github.com/rudderlabs/pongo2/v6/parser_expression.go:120.2,120.12 1 0
github.com/rudderlabs/pongo2/v6/parser_expression.go:123.92,125.16 2 0
github.com/rudderlabs/pongo2/v6/parser_expression.go:125.16,127.3 1 0
github.com/rudderlabs/pongo2/v6/parser_expression.go:128.2,128.62 1 0
github.com/rudderlabs/pongo2/v6/parser_expression.go:128.62,130.3 1 0
github.com/rudderlabs/pongo2/v6/parser_expression.go:131.2,131.12 1 0
github.com/rudderlabs/pongo2/v6/parser_expression.go:134.85,136.16 2 0
github.com/rudderlabs/pongo2/v6/parser_expression.go:136.16,138.3 1 0
github.com/rudderlabs/pongo2/v6/parser_expression.go:139.2,139.62 1 0
github.com/rudderlabs/pongo2/v6/parser_expression.go:139.62,141.3 1 0
github.com/rudderlabs/pongo2/v6/parser_expression.go:142.2,142.12 1 0
github.com/rudderlabs/pongo2/v6/parser_expression.go:145.80,147.16 2 0
github.com/rudderlabs/pongo2/v6/parser_expression.go:147.16,149.3 1 0
github.com/rudderlabs/pongo2/v6/parser_expression.go:150.2,150.62 1 0
github.com/rudderlabs/pongo2/v6/parser_expression.go:150.62,152.3 1 0
github.com/rudderlabs/pongo2/v6/parser_expression.go:153.2,153.12 1 0
github.com/rudderlabs/pongo2/v6/parser_expression.go:156.81,158.16 2 0
github.com/rudderlabs/pongo2/v6/parser_expression.go:158.16,160.3 1 0
github.com/rudderlabs/pongo2/v6/parser_expression.go:161.2,161.62 1 0
github.com/rudderlabs/pongo2/v6/parser_expression.go:161.62,163.3 1 0
github.com/rudderlabs/pongo2/v6/parser_expression.go:164.2,164.12 1 0
github.com/rudderlabs/pongo2/v6/parser_expression.go:167.74,169.16 2 10
github.com/rudderlabs/pongo2/v6/parser_expression.go:169.16,171.3 1 0
github.com/rudderlabs/pongo2/v6/parser_expression.go:172.2,172.23 1 10
github.com/rudderlabs/pongo2/v6/parser_expression.go:172.23,173.27 1 10
github.com/rudderlabs/pongo2/v6/parser_expression.go:174.20,175.20 1 4
github.com/rudderlabs/pongo2/v6/parser_expression.go:175.20,177.5 1 0
github.com/rudderlabs/pongo2/v6/parser_expression.go:177.10,179.19 2 4
github.com/rudderlabs/pongo2/v6/parser_expression.go:179.19,181.6 1 0
github.com/rudderlabs/pongo2/v6/parser_expression.go:182.5,182.37 1 4
github.com/rudderlabs/pongo2/v6/parser_expression.go:184.19,185.19 1 6
github.com/rudderlabs/pongo2/v6/parser_expression.go:185.19,187.5 1 4
github.com/rudderlabs/pongo2/v6/parser_expression.go:187.10,189.19 2 2
github.com/rudderlabs/pongo2/v6/parser_expression.go:189.19,191.6 1 0
github.com/rudderlabs/pongo2/v6/parser_expression.go:192.5,192.37 1 2
github.com/rudderlabs/pongo2/v6/parser_expression.go:194.11,195.90 1 0
github.com/rudderlabs/pongo2/v6/parser_expression.go:197.8,199.3 1 0
github.com/rudderlabs/pongo2/v6/parser_expression.go:202.84,204.16 2 32
github.com/rudderlabs/pongo2/v6/parser_expression.go:204.16,206.3 1 0
github.com/rudderlabs/pongo2/v6/parser_expression.go:207.2,207.23 1 32
github.com/rudderlabs/pongo2/v6/parser_expression.go:207.23,209.17 2 32
github.com/rudderlabs/pongo2/v6/parser_expression.go:209.17,211.4 1 0
github.com/rudderlabs/pongo2/v6/parser_expression.go:212.3,212.27 1 32
github.com/rudderlabs/pongo2/v6/parser_expression.go:213.13,214.36 1 2
github.com/rudderlabs/pongo2/v6/parser_expression.go:214.36,216.5 1 1
github.com/rudderlabs/pongo2/v6/parser_expression.go:217.4,217.34 1 1
github.com/rudderlabs/pongo2/v6/parser_expression.go:217.34,220.5 2 0
github.com/rudderlabs/pongo2/v6/parser_expression.go:221.4,221.53 1 1
github.com/rudderlabs/pongo2/v6/parser_expression.go:222.13,223.36 1 2
github.com/rudderlabs/pongo2/v6/parser_expression.go:223.36,225.5 1 1
github.com/rudderlabs/pongo2/v6/parser_expression.go:226.4,226.34 1 1
github.com/rudderlabs/pongo2/v6/parser_expression.go:226.34,229.5 2 0
github.com/rudderlabs/pongo2/v6/parser_expression.go:230.4,230.53 1 1
github.com/rudderlabs/pongo2/v6/parser_expression.go:231.13,232.44 1 7
github.com/rudderlabs/pongo2/v6/parser_expression.go:233.12,234.36 1 6
github.com/rudderlabs/pongo2/v6/parser_expression.go:234.36,236.5 1 1
github.com/rudderlabs/pongo2/v6/parser_expression.go:237.4,237.34 1 5
github.com/rudderlabs/pongo2/v6/parser_expression.go:237.34,239.5 1 0
github.com/rudderlabs/pongo2/v6/parser_expression.go:240.4,240.52 1 5
github.com/rudderlabs/pongo2/v6/parser_expression.go:241.12,242.36 1 2
github.com/rudderlabs/pongo2/v6/parser_expression.go:242.36,244.5 1 1
github.com/rudderlabs/pongo2/v6/parser_expression.go:245.4,245.34 1 1
github.com/rudderlabs/pongo2/v6/parser_expression.go:245.34,247.5 1 0
github.com/rudderlabs/pongo2/v6/parser_expression.go:248.4,248.52 1 1
github.com/rudderlabs/pongo2/v6/parser_expression.go:249.19,250.45 1 1
github.com/rudderlabs/pongo2/v6/parser_expression.go:251.13,252.40 1 12
github.com/rudderlabs/pongo2/v6/parser_expression.go:253.11,254.90 1 0
github.com/rudderlabs/pongo2/v6/parser_expression.go:256.8,258.3 1 0
github.com/rudderlabs/pongo2/v6/parser_expression.go:261.80,263.16 2 35
github.com/rudderlabs/pongo2/v6/parser_expression.go:263.16,265.3 1 0
github.com/rudderlabs/pongo2/v6/parser_expression.go:266.2,268.17 2 35
github.com/rudderlabs/pongo2/v6/parser_expression.go:268.17,270.3 1 5
github.com/rudderlabs/pongo2/v6/parser_expression.go:272.2,272.23 1 35
github.com/rudderlabs/pongo2/v6/parser_expression.go:272.23,273.24 1 11
github.com/rudderlabs/pongo2/v6/parser_expression.go:273.24,274.11 1 11
github.com/rudderlabs/pongo2/v6/parser_expression.go:275.26,276.42 1 3
github.com/rudderlabs/pongo2/v6/parser_expression.go:277.28,278.44 1 8
github.com/rudderlabs/pongo2/v6/parser_expression.go:279.12,280.115 1 0
github.com/rudderlabs/pongo2/v6/parser_expression.go:282.9,284.4 1 0
github.com/rudderlabs/pongo2/v6/parser_expression.go:287.2,287.23 1 35
github.com/rudderlabs/pongo2/v6/parser_expression.go:287.23,289.17 2 20
github.com/rudderlabs/pongo2/v6/parser_expression.go:289.17,291.4 1 0
github.com/rudderlabs/pongo2/v6/parser_expression.go:292.3,292.27 1 20
github.com/rudderlabs/pongo2/v6/parser_expression.go:293.12,294.42 1 10
github.com/rudderlabs/pongo2/v6/parser_expression.go:294.42,297.5 1 3
github.com/rudderlabs/pongo2/v6/parser_expression.go:298.4,298.40 1 7
github.com/rudderlabs/pongo2/v6/parser_expression.go:298.40,301.5 1 3
github.com/rudderlabs/pongo2/v6/parser_expression.go:303.4,303.56 1 4
github.com/rudderlabs/pongo2/v6/parser_expression.go:304.12,305.40 1 10
github.com/rudderlabs/pongo2/v6/parser_expression.go:305.40,308.5 1 2
github.com/rudderlabs/pongo2/v6/parser_expression.go:310.4,310.56 1 8
github.com/rudderlabs/pongo2/v6/parser_expression.go:311.11,312.79 1 0
github.com/rudderlabs/pongo2/v6/parser_expression.go:316.2,316.20 1 15
github.com/rudderlabs/pongo2/v6/parser_expression.go:319.73,321.16 2 8
github.com/rudderlabs/pongo2/v6/parser_expression.go:321.16,323.3 1 0
github.com/rudderlabs/pongo2/v6/parser_expression.go:325.2,325.40 1 8
github.com/rudderlabs/pongo2/v6/parser_expression.go:328.68,330.16 2 17
github.com/rudderlabs/pongo2/v6/parser_expression.go:330.16,332.3 1 0
github.com/rudderlabs/pongo2/v6/parser_expression.go:333.2,333.25 1 17
github.com/rudderlabs/pongo2/v6/parser_expression.go:333.25,335.17 2 17
github.com/rudderlabs/pongo2/v6/parser_expression.go:335.17,337.4 1 0
github.com/rudderlabs/pongo2/v6/parser_expression.go:338.3,338.27 1 17
github.com/rudderlabs/pongo2/v6/parser_expression.go:339.12,340.36 1 8
github.com/rudderlabs/pongo2/v6/parser_expression.go:340.36,343.5 1 3
github.com/rudderlabs/pongo2/v6/parser_expression.go:345.4,345.52 1 5
github.com/rudderlabs/pongo2/v6/parser_expression.go:346.12,347.36 1 6
github.com/rudderlabs/pongo2/v6/parser_expression.go:347.36,350.21 2 2
github.com/rudderlabs/pongo2/v6/parser_expression.go:350.21,352.6 1 0
github.com/rudderlabs/pongo2/v6/parser_expression.go:353.5,353.46 1 2
github.com/rudderlabs/pongo2/v6/parser_expression.go:356.4,357.20 2 4
github.com/rudderlabs/pongo2/v6/parser_expression.go:357.20,359.5 1 0
github.com/rudderlabs/pongo2/v6/parser_expression.go:360.4,360.47 1 4
github.com/rudderlabs/pongo2/v6/parser_expression.go:361.12,364.20 2 3
github.com/rudderlabs/pongo2/v6/parser_expression.go:364.20,366.5 1 0
github.com/rudderlabs/pongo2/v6/parser_expression.go:367.4,367.47 1 3
github.com/rudderlabs/pongo2/v6/parser_expression.go:368.11,369.68 1 0
github.com/rudderlabs/pongo2/v6/parser_expression.go:371.8,373.3 1 0
github.com/rudderlabs/pongo2/v6/parser_expression.go:376.69,378.16 2 2
github.com/rudderlabs/pongo2/v6/parser_expression.go:378.16,380.3 1 0
github.com/rudderlabs/pongo2/v6/parser_expression.go:381.2,381.24 1 2
github.com/rudderlabs/pongo2/v6/parser_expression.go:381.24,383.17 2 2
github.com/rudderlabs/pongo2/v6/parser_expression.go:383.17,385.4 1 0
github.com/rudderlabs/pongo2/v6/parser_expression.go:386.3,386.56 1 2
github.com/rudderlabs/pongo2/v6/parser_expression.go:388.2,388.16 1 0
github.com/rudderlabs/pongo2/v6/parser_expression.go:391.53,392.38 1 489
github.com/rudderlabs/pongo2/v6/parser_expression.go:392.38,394.17 2 21
github.com/rudderlabs/pongo2/v6/parser_expression.go:394.17,396.4 1 0
github.com/rudderlabs/pongo2/v6/parser_expression.go:397.3,397.39 1 21
github.com/rudderlabs/pongo2/v6/parser_expression.go:397.39,399.4 1 0
github.com/rudderlabs/pongo2/v6/parser_expression.go:400.3,400.19 1 21
github.com/rudderlabs/pongo2/v6/parser_expression.go:403.2,403.45 1 468
github.com/rudderlabs/pongo2/v6/parser_expression.go:406.52,410.16 3 489
github.com/rudderlabs/pongo2/v6/parser_expression.go:410.16,412.3 1 0
github.com/rudderlabs/pongo2/v6/parser_expression.go:413.2,415.38 2 489
github.com/rudderlabs/pongo2/v6/parser_expression.go:415.38,417.17 2 2
github.com/rudderlabs/pongo2/v6/parser_expression.go:417.17,419.4 1 0
github.com/rudderlabs/pongo2/v6/parser_expression.go:420.3,420.21 1 2
github.com/rudderlabs/pongo2/v6/parser_expression.go:423.2,423.22 1 489
github.com/rudderlabs/pongo2/v6/parser_expression.go:423.22,426.3 1 487
github.com/rudderlabs/pongo2/v6/parser_expression.go:428.2,428.16 1 2
github.com/rudderlabs/pongo2/v6/parser_expression.go:431.56,435.22 3 8
github.com/rudderlabs/pongo2/v6/parser_expression.go:435.22,437.3 1 0
github.com/rudderlabs/pongo2/v6/parser_expression.go:438.2,439.38 2 8
github.com/rudderlabs/pongo2/v6/parser_expression.go:439.38,441.3 1 0
github.com/rudderlabs/pongo2/v6/parser_expression.go:443.2,444.16 2 8
github.com/rudderlabs/pongo2/v6/parser_expression.go:444.16,446.3 1 0
github.com/rudderlabs/pongo2/v6/parser_expression.go:448.2,449.16 2 8
github.com/rudderlabs/pongo2/v6/parser_expression.go:452.51,456.16 3 470
github.com/rudderlabs/pongo2/v6/parser_expression.go:456.16,458.3 1 0
github.com/rudderlabs/pongo2/v6/parser_expression.go:459.2,461.51 2 470
github.com/rudderlabs/pongo2/v6/parser_expression.go:461.51,462.32 1 17
github.com/rudderlabs/pongo2/v6/parser_expression.go:462.32,467.4 1 2
github.com/rudderlabs/pongo2/v6/parser_expression.go:469.3,473.17 4 17
github.com/rudderlabs/pongo2/v6/parser_expression.go:473.17,475.4 1 0
github.com/rudderlabs/pongo2/v6/parser_expression.go:477.3,478.31 2 17
github.com/rudderlabs/pongo2/v6/parser_expression.go:481.2,481.31 1 470
github.com/rudderlabs/pongo2/v6/parser_expression.go:481.31,484.3 1 455
github.com/rudderlabs/pongo2/v6/parser_expression.go:486.2,486.24 1 15
github.com/rudderlabs/pongo2/v6/parser_expression.go:489.63,492.60 2 458
github.com/rudderlabs/pongo2/v6/parser_expression.go:492.60,493.22 1 11
github.com/rudderlabs/pongo2/v6/parser_expression.go:493.22,495.4 1 11
github.com/rudderlabs/pongo2/v6/parser_expression.go:498.2,498.77 1 458
github.com/rudderlabs/pongo2/v6/parser_expression.go:498.77,500.3 1 5
github.com/rudderlabs/pongo2/v6/parser_expression.go:503.2,503.79 1 458
github.com/rudderlabs/pongo2/v6/parser_expression.go:503.79,505.17 2 8
github.com/rudderlabs/pongo2/v6/parser_expression.go:505.17,507.4 1 0
github.com/rudderlabs/pongo2/v6/parser_expression.go:509.3,509.21 1 8
github.com/rudderlabs/pongo2/v6/parser_expression.go:510.8,512.17 2 450
github.com/rudderlabs/pongo2/v6/parser_expression.go:512.17,514.4 1 0
github.com/rudderlabs/pongo2/v6/parser_expression.go:515.3,515.21 1 450
github.com/rudderlabs/pongo2/v6/parser_expression.go:518.2,518.46 1 458
github.com/rudderlabs/pongo2/v6/parser_expression.go:518.46,519.26 1 20
github.com/rudderlabs/pongo2/v6/parser_expression.go:519.26,524.4 1 3
github.com/rudderlabs/pongo2/v6/parser_expression.go:526.3,530.17 4 20
github.com/rudderlabs/pongo2/v6/parser_expression.go:530.17,532.4 1 0
github.com/rudderlabs/pongo2/v6/parser_expression.go:534.3,535.20 2 20
github.com/rudderlabs/pongo2/v6/parser_expression.go:538.2,538.61 1 458
github.com/rudderlabs/pongo2/v6/parser_expression.go:538.61,541.3 1 426
github.com/rudderlabs/pongo2/v6/parser_expression.go:543.2,543.18 1 32
github.com/rudderlabs/pongo2/v6/parser_expression.go:546.67,548.16 2 446
github.com/rudderlabs/pongo2/v6/parser_expression.go:548.16,550.3 1 0
github.com/rudderlabs/pongo2/v6/parser_expression.go:552.2,556.84 2 446
github.com/rudderlabs/pongo2/v6/parser_expression.go:556.84,558.17 2 21
github.com/rudderlabs/pongo2/v6/parser_expression.go:558.17,560.4 1 0
github.com/rudderlabs/pongo2/v6/parser_expression.go:561.3,562.21 2 21
github.com/rudderlabs/pongo2/v6/parser_expression.go:563.8,563.58 1 425
github.com/rudderlabs/pongo2/v6/parser_expression.go:563.58,565.17 2 12
github.com/rudderlabs/pongo2/v6/parser_expression.go:565.17,567.4 1 0
github.com/rudderlabs/pongo2/v6/parser_expression.go:568.3,569.21 2 12
github.com/rudderlabs/pongo2/v6/parser_expression.go:572.2,572.23 1 446
github.com/rudderlabs/pongo2/v6/parser_expression.go:572.23,575.3 1 413
github.com/rudderlabs/pongo2/v6/parser_expression.go:577.2,577.18 1 33
github.com/rudderlabs/pongo2/v6/parser_expression.go:580.57,582.16 2 425
github.com/rudderlabs/pongo2/v6/parser_expression.go:582.16,584.3 1 0
github.com/rudderlabs/pongo2/v6/parser_expression.go:586.2,590.94 2 425
github.com/rudderlabs/pongo2/v6/parser_expression.go:590.94,594.17 4 10
github.com/rudderlabs/pongo2/v6/parser_expression.go:594.17,596.4 1 0
github.com/rudderlabs/pongo2/v6/parser_expression.go:597.3,598.19 2 10
github.com/rudderlabs/pongo2/v6/parser_expression.go:601.2,601.22 1 425
github.com/rudderlabs/pongo2/v6/parser_expression.go:601.22,604.3 1 415
github.com/rudderlabs/pongo2/v6/parser_expression.go:606.2,606.17 1 10
github.com/rudderlabs/pongo2/v6/pongo2.go:10.47,11.16 1 0
github.com/rudderlabs/pongo2/v6/pongo2.go:11.16,12.13 1 0
github.com/rudderlabs/pongo2/v6/pongo2.go:14.2,14.12 1 0
github.com/rudderlabs/pongo2/v6/tags.go:52.13,54.2 1 1
github.com/rudderlabs/pongo2/v6/tags.go:59.57,61.14 2 27
github.com/rudderlabs/pongo2/v6/tags.go:61.14,63.3 1 0
github.com/rudderlabs/pongo2/v6/tags.go:64.2,68.12 2 27
github.com/rudderlabs/pongo2/v6/tags.go:71.55,72.52 1 27
github.com/rudderlabs/pongo2/v6/tags.go:72.52,73.13 1 0
github.com/rudderlabs/pongo2/v6/tags.go:79.56,81.15 2 0
github.com/rudderlabs/pongo2/v6/tags.go:81.15,83.3 1 0
github.com/rudderlabs/pongo2/v6/tags.go:84.2,88.12 2 0
github.com/rudderlabs/pongo2/v6/tags.go:92.55,97.22 3 118
github.com/rudderlabs/pongo2/v6/tags.go:97.22,99.3 1 0
github.com/rudderlabs/pongo2/v6/tags.go:102.2,103.13 2 118
github.com/rudderlabs/pongo2/v6/tags.go:103.13,106.3 1 0
github.com/rudderlabs/pongo2/v6/tags.go:109.2,109.71 1 118
github.com/rudderlabs/pongo2/v6/tags.go:109.71,111.3 1 0
github.com/rudderlabs/pongo2/v6/tags.go:113.2,114.60 2 118
github.com/rudderlabs/pongo2/v6/tags.go:114.60,118.3 2 256
github.com/rudderlabs/pongo2/v6/tags.go:121.2,121.24 1 118
github.com/rudderlabs/pongo2/v6/tags.go:121.24,123.3 1 0
github.com/rudderlabs/pongo2/v6/tags.go:125.2,128.25 3 118
github.com/rudderlabs/pongo2/v6/tags.go:128.25,131.3 1 23
github.com/rudderlabs/pongo2/v6/tags.go:133.2,134.15 2 118
github.com/rudderlabs/pongo2/v6/tags.go:134.15,134.37 1 118
github.com/rudderlabs/pongo2/v6/tags.go:135.2,135.44 1 118
github.com/rudderlabs/pongo2/v6/tags_allowmissingval.go:12.94,17.16 4 9
github.com/rudderlabs/pongo2/v6/tags_allowmissingval.go:17.16,19.3 1 0
github.com/rudderlabs/pongo2/v6/tags_allowmissingval.go:20.2,22.17 3 9
github.com/rudderlabs/pongo2/v6/tags_allowmissingval.go:22.17,24.3 1 0
github.com/rudderlabs/pongo2/v6/tags_allowmissingval.go:25.2,25.66 1 9
github.com/rudderlabs/pongo2/v6/tags_allowmissingval.go:25.66,27.3 1 0
github.com/rudderlabs/pongo2/v6/tags_allowmissingval.go:28.2,28.12 1 9
github.com/rudderlabs/pongo2/v6/tags_allowmissingval.go:31.87,37.16 3 9
github.com/rudderlabs/pongo2/v6/tags_allowmissingval.go:37.16,39.3 1 0
github.com/rudderlabs/pongo2/v6/tags_allowmissingval.go:40.2,42.22 2 9
github.com/rudderlabs/pongo2/v6/tags_allowmissingval.go:45.13,47.2 1 1
github.com/rudderlabs/pongo2/v6/tags_autoescape.go:10.93,15.16 4 5
github.com/rudderlabs/pongo2/v6/tags_autoescape.go:15.16,17.3 1 0
github.com/rudderlabs/pongo2/v6/tags_autoescape.go:19.2,21.12 2 5
github.com/rudderlabs/pongo2/v6/tags_autoescape.go:24.91,28.16 3 5
github.com/rudderlabs/pongo2/v6/tags_autoescape.go:28.16,30.3 1 0
github.com/rudderlabs/pongo2/v6/tags_autoescape.go:31.2,34.22 3 5
github.com/rudderlabs/pongo2/v6/tags_autoescape.go:34.22,36.3 1 0
github.com/rudderlabs/pongo2/v6/tags_autoescape.go:37.2,37.27 1 5
github.com/rudderlabs/pongo2/v6/tags_autoescape.go:37.27,39.3 1 1
github.com/rudderlabs/pongo2/v6/tags_autoescape.go:39.8,39.35 1 4
github.com/rudderlabs/pongo2/v6/tags_autoescape.go:39.35,41.3 1 4
github.com/rudderlabs/pongo2/v6/tags_autoescape.go:41.8,43.3 1 0
github.com/rudderlabs/pongo2/v6/tags_autoescape.go:45.2,45.31 1 5
github.com/rudderlabs/pongo2/v6/tags_autoescape.go:45.31,47.3 1 0
github.com/rudderlabs/pongo2/v6/tags_autoescape.go:49.2,49.28 1 5
github.com/rudderlabs/pongo2/v6/tags_autoescape.go:52.13,54.2 1 1
github.com/rudderlabs/pongo2/v6/tags_block.go:12.74,16.17 3 8
github.com/rudderlabs/pongo2/v6/tags_block.go:16.17,18.15 2 25
github.com/rudderlabs/pongo2/v6/tags_block.go:18.15,20.4 1 18
github.com/rudderlabs/pongo2/v6/tags_block.go:21.3,21.18 1 25
github.com/rudderlabs/pongo2/v6/tags_block.go:24.2,24.21 1 8
github.com/rudderlabs/pongo2/v6/tags_block.go:27.88,29.16 2 8
github.com/rudderlabs/pongo2/v6/tags_block.go:29.16,30.38 1 0
github.com/rudderlabs/pongo2/v6/tags_block.go:34.2,37.27 3 8
github.com/rudderlabs/pongo2/v6/tags_block.go:37.27,39.3 1 0
github.com/rudderlabs/pongo2/v6/tags_block.go:41.2,47.16 4 8
github.com/rudderlabs/pongo2/v6/tags_block.go:47.16,49.3 1 0
github.com/rudderlabs/pongo2/v6/tags_block.go:51.2,51.12 1 8
github.com/rudderlabs/pongo2/v6/tags_block.go:59.54,62.22 2 6
github.com/rudderlabs/pongo2/v6/tags_block.go:62.22,64.3 1 0
github.com/rudderlabs/pongo2/v6/tags_block.go:66.2,75.16 6 6
github.com/rudderlabs/pongo2/v6/tags_block.go:75.16,77.3 1 0
github.com/rudderlabs/pongo2/v6/tags_block.go:78.2,78.39 1 6
github.com/rudderlabs/pongo2/v6/tags_block.go:81.86,82.28 1 27
github.com/rudderlabs/pongo2/v6/tags_block.go:82.28,84.3 1 0
github.com/rudderlabs/pongo2/v6/tags_block.go:86.2,87.22 2 27
github.com/rudderlabs/pongo2/v6/tags_block.go:87.22,89.3 1 0
github.com/rudderlabs/pongo2/v6/tags_block.go:91.2,91.32 1 27
github.com/rudderlabs/pongo2/v6/tags_block.go:91.32,93.3 1 0
github.com/rudderlabs/pongo2/v6/tags_block.go:95.2,96.16 2 27
github.com/rudderlabs/pongo2/v6/tags_block.go:96.16,98.3 1 0
github.com/rudderlabs/pongo2/v6/tags_block.go:99.2,99.32 1 27
github.com/rudderlabs/pongo2/v6/tags_block.go:99.32,101.29 2 0
github.com/rudderlabs/pongo2/v6/tags_block.go:101.29,102.44 1 0
github.com/rudderlabs/pongo2/v6/tags_block.go:102.44,105.5 1 0
github.com/rudderlabs/pongo2/v6/tags_block.go:108.3,108.59 1 0
github.com/rudderlabs/pongo2/v6/tags_block.go:108.59,110.4 1 0
github.com/rudderlabs/pongo2/v6/tags_block.go:113.2,114.16 2 27
github.com/rudderlabs/pongo2/v6/tags_block.go:114.16,115.38 1 0
github.com/rudderlabs/pongo2/v6/tags_block.go:117.2,118.15 2 27
github.com/rudderlabs/pongo2/v6/tags_block.go:118.15,120.3 1 27
github.com/rudderlabs/pongo2/v6/tags_block.go:120.8,122.3 1 0
github.com/rudderlabs/pongo2/v6/tags_block.go:124.2,124.48 1 27
github.com/rudderlabs/pongo2/v6/tags_block.go:127.13,129.2 1 1
github.com/rudderlabs/pongo2/v6/tags_comment.go:7.90,9.2 1 7
github.com/rudderlabs/pongo2/v6/tags_comment.go:11.88,16.16 3 7
github.com/rudderlabs/pongo2/v6/tags_comment.go:16.16,18.3 1 0
github.com/rudderlabs/pongo2/v6/tags_comment.go:20.2,20.28 1 7
github.com/rudderlabs/pongo2/v6/tags_comment.go:20.28,22.3 1 0
github.com/rudderlabs/pongo2/v6/tags_comment.go:24.2,24.25 1 7
github.com/rudderlabs/pongo2/v6/tags_comment.go:27.13,29.2 1 1
github.com/rudderlabs/pongo2/v6/tags_cycle.go:18.42,20.2 1 42
github.com/rudderlabs/pongo2/v6/tags_cycle.go:22.88,27.16 4 44
github.com/rudderlabs/pongo2/v6/tags_cycle.go:27.16,29.3 1 0
github.com/rudderlabs/pongo2/v6/tags_cycle.go:31.2,31.51 1 44
github.com/rudderlabs/pongo2/v6/tags_cycle.go:31.51,40.17 4 2
github.com/rudderlabs/pongo2/v6/tags_cycle.go:40.17,42.4 1 0
github.com/rudderlabs/pongo2/v6/tags_cycle.go:44.3,46.21 2 2
github.com/rudderlabs/pongo2/v6/tags_cycle.go:46.21,47.62 1 1
github.com/rudderlabs/pongo2/v6/tags_cycle.go:47.62,49.5 1 0
github.com/rudderlabs/pongo2/v6/tags_cycle.go:51.8,59.24 2 42
github.com/rudderlabs/pongo2/v6/tags_cycle.go:59.24,61.4 1 32
github.com/rudderlabs/pongo2/v6/tags_cycle.go:62.3,62.19 1 42
github.com/rudderlabs/pongo2/v6/tags_cycle.go:62.19,63.62 1 21
github.com/rudderlabs/pongo2/v6/tags_cycle.go:63.62,65.5 1 0
github.com/rudderlabs/pongo2/v6/tags_cycle.go:69.2,69.12 1 44
github.com/rudderlabs/pongo2/v6/tags_cycle.go:73.86,78.32 2 8
github.com/rudderlabs/pongo2/v6/tags_cycle.go:78.32,80.17 2 20
github.com/rudderlabs/pongo2/v6/tags_cycle.go:80.17,82.4 1 0
github.com/rudderlabs/pongo2/v6/tags_cycle.go:83.3,85.52 2 20
github.com/rudderlabs/pongo2/v6/tags_cycle.go:85.52,89.24 2 5
github.com/rudderlabs/pongo2/v6/tags_cycle.go:89.24,91.5 1 0
github.com/rudderlabs/pongo2/v6/tags_cycle.go:92.4,94.60 2 5
github.com/rudderlabs/pongo2/v6/tags_cycle.go:94.60,96.5 1 3
github.com/rudderlabs/pongo2/v6/tags_cycle.go:99.4,99.9 1 5
github.com/rudderlabs/pongo2/v6/tags_cycle.go:103.2,103.31 1 8
github.com/rudderlabs/pongo2/v6/tags_cycle.go:103.31,105.3 1 0
github.com/rudderlabs/pongo2/v6/tags_cycle.go:107.2,107.23 1 8
github.com/rudderlabs/pongo2/v6/tags_cycle.go:110.13,112.2 1 1
github.com/rudderlabs/pongo2/v6/tags_exec.go:13.87,17.16 3 7
github.com/rudderlabs/pongo2/v6/tags_exec.go:17.16,19.3 1 0
github.com/rudderlabs/pongo2/v6/tags_exec.go:20.2,22.17 3 7
github.com/rudderlabs/pongo2/v6/tags_exec.go:22.17,24.3 1 0
github.com/rudderlabs/pongo2/v6/tags_exec.go:26.2,27.16 2 7
github.com/rudderlabs/pongo2/v6/tags_exec.go:27.16,30.3 2 0
github.com/rudderlabs/pongo2/v6/tags_exec.go:32.2,32.12 1 7
github.com/rudderlabs/pongo2/v6/tags_exec.go:35.88,41.16 3 7
github.com/rudderlabs/pongo2/v6/tags_exec.go:41.16,43.3 1 0
github.com/rudderlabs/pongo2/v6/tags_exec.go:44.2,46.22 2 7
github.com/rudderlabs/pongo2/v6/tags_exec.go:49.13,51.2 1 1
github.com/rudderlabs/pongo2/v6/tags_extends.go:9.90,11.2 1 0
github.com/rudderlabs/pongo2/v6/tags_extends.go:13.88,16.28 2 15
github.com/rudderlabs/pongo2/v6/tags_extends.go:16.28,18.3 1 0
github.com/rudderlabs/pongo2/v6/tags_extends.go:20.2,20.32 1 15
github.com/rudderlabs/pongo2/v6/tags_extends.go:20.32,23.3 1 0
github.com/rudderlabs/pongo2/v6/tags_extends.go:25.2,25.77 1 15
github.com/rudderlabs/pongo2/v6/tags_extends.go:25.77,33.17 3 15
github.com/rudderlabs/pongo2/v6/tags_extends.go:33.17,35.4 1 0
github.com/rudderlabs/pongo2/v6/tags_extends.go:38.3,40.40 3 15
github.com/rudderlabs/pongo2/v6/tags_extends.go:41.8,43.3 1 0
github.com/rudderlabs/pongo2/v6/tags_extends.go:45.2,45.31 1 15
github.com/rudderlabs/pongo2/v6/tags_extends.go:45.31,47.3 1 0
github.com/rudderlabs/pongo2/v6/tags_extends.go:49.2,49.25 1 15
github.com/rudderlabs/pongo2/v6/tags_extends.go:52.13,54.2 1 1
github.com/rudderlabs/pongo2/v6/tags_filter.go:19.89,23.16 3 9
github.com/rudderlabs/pongo2/v6/tags_filter.go:23.16,25.3 1 0
github.com/rudderlabs/pongo2/v6/tags_filter.go:27.2,29.40 2 9
github.com/rudderlabs/pongo2/v6/tags_filter.go:29.40,31.28 2 12
github.com/rudderlabs/pongo2/v6/tags_filter.go:31.28,33.18 2 6
github.com/rudderlabs/pongo2/v6/tags_filter.go:33.18,35.5 1 0
github.com/rudderlabs/pongo2/v6/tags_filter.go:36.9,38.4 1 6
github.com/rudderlabs/pongo2/v6/tags_filter.go:39.3,40.17 2 12
github.com/rudderlabs/pongo2/v6/tags_filter.go:40.17,42.4 1 0
github.com/rudderlabs/pongo2/v6/tags_filter.go:45.2,45.62 1 9
github.com/rudderlabs/pongo2/v6/tags_filter.go:45.62,47.3 1 0
github.com/rudderlabs/pongo2/v6/tags_filter.go:49.2,49.12 1 9
github.com/rudderlabs/pongo2/v6/tags_filter.go:52.87,58.16 3 9
github.com/rudderlabs/pongo2/v6/tags_filter.go:58.16,60.3 1 0
github.com/rudderlabs/pongo2/v6/tags_filter.go:61.2,63.32 2 9
github.com/rudderlabs/pongo2/v6/tags_filter.go:63.32,67.23 3 12
github.com/rudderlabs/pongo2/v6/tags_filter.go:67.23,69.4 1 0
github.com/rudderlabs/pongo2/v6/tags_filter.go:70.3,72.50 2 12
github.com/rudderlabs/pongo2/v6/tags_filter.go:72.50,76.18 2 6
github.com/rudderlabs/pongo2/v6/tags_filter.go:76.18,78.5 1 0
github.com/rudderlabs/pongo2/v6/tags_filter.go:79.4,79.31 1 6
github.com/rudderlabs/pongo2/v6/tags_filter.go:82.3,84.50 2 12
github.com/rudderlabs/pongo2/v6/tags_filter.go:84.50,85.9 1 9
github.com/rudderlabs/pongo2/v6/tags_filter.go:89.2,89.31 1 9
github.com/rudderlabs/pongo2/v6/tags_filter.go:89.31,91.3 1 0
github.com/rudderlabs/pongo2/v6/tags_filter.go:93.2,93.24 1 9
github.com/rudderlabs/pongo2/v6/tags_filter.go:96.13,98.2 1 1
github.com/rudderlabs/pongo2/v6/tags_firstof.go:8.90,9.32 1 0
github.com/rudderlabs/pongo2/v6/tags_firstof.go:9.32,11.17 2 0
github.com/rudderlabs/pongo2/v6/tags_firstof.go:11.17,13.4 1 0
github.com/rudderlabs/pongo2/v6/tags_firstof.go:15.3,15.19 1 0
github.com/rudderlabs/pongo2/v6/tags_firstof.go:15.19,16.52 1 0
github.com/rudderlabs/pongo2/v6/tags_firstof.go:16.52,18.19 2 0
github.com/rudderlabs/pongo2/v6/tags_firstof.go:18.19,20.6 1 0
github.com/rudderlabs/pongo2/v6/tags_firstof.go:23.4,23.62 1 0
github.com/rudderlabs/pongo2/v6/tags_firstof.go:23.62,25.5 1 0
github.com/rudderlabs/pongo2/v6/tags_firstof.go:26.4,26.14 1 0
github.com/rudderlabs/pongo2/v6/tags_firstof.go:30.2,30.12 1 0
github.com/rudderlabs/pongo2/v6/tags_firstof.go:33.88,38.32 2 0
github.com/rudderlabs/pongo2/v6/tags_firstof.go:38.32,40.17 2 0
github.com/rudderlabs/pongo2/v6/tags_firstof.go:40.17,42.4 1 0
github.com/rudderlabs/pongo2/v6/tags_firstof.go:43.3,43.52 1 0
github.com/rudderlabs/pongo2/v6/tags_firstof.go:46.2,46.25 1 0
github.com/rudderlabs/pongo2/v6/tags_firstof.go:49.13,51.2 1 1
github.com/rudderlabs/pongo2/v6/tags_for.go:26.97,37.23 4 8
github.com/rudderlabs/pongo2/v6/tags_for.go:37.23,39.3 1 0
github.com/rudderlabs/pongo2/v6/tags_for.go:42.2,45.16 3 8
github.com/rudderlabs/pongo2/v6/tags_for.go:45.16,47.3 1 0
github.com/rudderlabs/pongo2/v6/tags_for.go:49.2,49.64 1 8
github.com/rudderlabs/pongo2/v6/tags_for.go:49.64,54.19 2 57
github.com/rudderlabs/pongo2/v6/tags_for.go:54.19,56.4 1 0
github.com/rudderlabs/pongo2/v6/tags_for.go:57.3,59.15 3 57
github.com/rudderlabs/pongo2/v6/tags_for.go:59.15,61.4 1 8
github.com/rudderlabs/pongo2/v6/tags_for.go:62.3,62.21 1 57
github.com/rudderlabs/pongo2/v6/tags_for.go:62.21,64.4 1 8
github.com/rudderlabs/pongo2/v6/tags_for.go:65.3,70.17 4 57
github.com/rudderlabs/pongo2/v6/tags_for.go:70.17,73.4 2 0
github.com/rudderlabs/pongo2/v6/tags_for.go:74.3,74.14 1 57
github.com/rudderlabs/pongo2/v6/tags_for.go:75.12,77.31 1 0
github.com/rudderlabs/pongo2/v6/tags_for.go:77.31,79.18 2 0
github.com/rudderlabs/pongo2/v6/tags_for.go:79.18,81.5 1 0
github.com/rudderlabs/pongo2/v6/tags_for.go:85.2,85.17 1 8
github.com/rudderlabs/pongo2/v6/tags_for.go:88.84,94.21 4 8
github.com/rudderlabs/pongo2/v6/tags_for.go:94.21,96.3 1 0
github.com/rudderlabs/pongo2/v6/tags_for.go:98.2,98.46 1 8
github.com/rudderlabs/pongo2/v6/tags_for.go:98.46,101.24 2 0
github.com/rudderlabs/pongo2/v6/tags_for.go:101.24,103.4 1 0
github.com/rudderlabs/pongo2/v6/tags_for.go:106.2,106.48 1 8
github.com/rudderlabs/pongo2/v6/tags_for.go:106.48,108.3 1 0
github.com/rudderlabs/pongo2/v6/tags_for.go:110.2,111.16 2 8
github.com/rudderlabs/pongo2/v6/tags_for.go:111.16,113.3 1 0
github.com/rudderlabs/pongo2/v6/tags_for.go:114.2,116.23 3 8
github.com/rudderlabs/pongo2/v6/tags_for.go:116.23,118.3 1 0
github.com/rudderlabs/pongo2/v6/tags_for.go:120.2,120.60 1 8
github.com/rudderlabs/pongo2/v6/tags_for.go:120.60,122.3 1 0
github.com/rudderlabs/pongo2/v6/tags_for.go:124.2,124.58 1 8
github.com/rudderlabs/pongo2/v6/tags_for.go:124.58,126.3 1 0
github.com/rudderlabs/pongo2/v6/tags_for.go:128.2,128.31 1 8
github.com/rudderlabs/pongo2/v6/tags_for.go:128.31,130.3 1 0
github.com/rudderlabs/pongo2/v6/tags_for.go:133.2,134.16 2 8
github.com/rudderlabs/pongo2/v6/tags_for.go:134.16,136.3 1 0
github.com/rudderlabs/pongo2/v6/tags_for.go:137.2,139.25 2 8
github.com/rudderlabs/pongo2/v6/tags_for.go:139.25,141.3 1 0
github.com/rudderlabs/pongo2/v6/tags_for.go:143.2,143.31 1 8
github.com/rudderlabs/pongo2/v6/tags_for.go:143.31,146.17 2 0
github.com/rudderlabs/pongo2/v6/tags_for.go:146.17,148.4 1 0
github.com/rudderlabs/pongo2/v6/tags_for.go:149.3,151.26 2 0
github.com/rudderlabs/pongo2/v6/tags_for.go:151.26,153.4 1 0
github.com/rudderlabs/pongo2/v6/tags_for.go:156.2,156.21 1 8
github.com/rudderlabs/pongo2/v6/tags_for.go:159.13,161.2 1 1
github.com/rudderlabs/pongo2/v6/tags_if.go:10.85,11.44 1 10
github.com/rudderlabs/pongo2/v6/tags_if.go:11.44,13.17 2 10
github.com/rudderlabs/pongo2/v6/tags_if.go:13.17,15.4 1 0
github.com/rudderlabs/pongo2/v6/tags_if.go:17.3,17.22 1 10
github.com/rudderlabs/pongo2/v6/tags_if.go:17.22,19.4 1 5
github.com/rudderlabs/pongo2/v6/tags_if.go:21.3,21.62 1 5
github.com/rudderlabs/pongo2/v6/tags_if.go:21.62,23.4 1 4
github.com/rudderlabs/pongo2/v6/tags_if.go:25.2,25.12 1 1
github.com/rudderlabs/pongo2/v6/tags_if.go:28.83,33.16 3 6
github.com/rudderlabs/pongo2/v6/tags_if.go:33.16,35.3 1 0
github.com/rudderlabs/pongo2/v6/tags_if.go:36.2,38.31 2 6
github.com/rudderlabs/pongo2/v6/tags_if.go:38.31,40.3 1 0
github.com/rudderlabs/pongo2/v6/tags_if.go:43.2,43.6 1 6
github.com/rudderlabs/pongo2/v6/tags_if.go:43.6,45.17 2 8
github.com/rudderlabs/pongo2/v6/tags_if.go:45.17,47.4 1 0
github.com/rudderlabs/pongo2/v6/tags_if.go:48.3,50.31 2 8
github.com/rudderlabs/pongo2/v6/tags_if.go:50.31,53.18 2 0
github.com/rudderlabs/pongo2/v6/tags_if.go:53.18,55.5 1 0
github.com/rudderlabs/pongo2/v6/tags_if.go:56.4,58.31 2 0
github.com/rudderlabs/pongo2/v6/tags_if.go:58.31,60.5 1 0
github.com/rudderlabs/pongo2/v6/tags_if.go:61.9,62.27 1 8
github.com/rudderlabs/pongo2/v6/tags_if.go:62.27,65.5 1 0
github.com/rudderlabs/pongo2/v6/tags_if.go:68.3,68.32 1 8
github.com/rudderlabs/pongo2/v6/tags_if.go:68.32,69.9 1 6
github.com/rudderlabs/pongo2/v6/tags_if.go:73.2,73.20 1 6
github.com/rudderlabs/pongo2/v6/tags_if.go:76.13,78.2 1 1
github.com/rudderlabs/pongo2/v6/tags_ifchanged.go:16.92,17.32 1 0
github.com/rudderlabs/pongo2/v6/tags_ifchanged.go:17.32,22.17 3 0
github.com/rudderlabs/pongo2/v6/tags_ifchanged.go:22.17,24.4 1 0
github.com/rudderlabs/pongo2/v6/tags_ifchanged.go:26.3,27.47 2 0
github.com/rudderlabs/pongo2/v6/tags_ifchanged.go:27.47,29.52 1 0
github.com/rudderlabs/pongo2/v6/tags_ifchanged.go:29.52,31.5 1 0
github.com/rudderlabs/pongo2/v6/tags_ifchanged.go:32.4,32.31 1 0
github.com/rudderlabs/pongo2/v6/tags_ifchanged.go:34.8,36.41 2 0
github.com/rudderlabs/pongo2/v6/tags_ifchanged.go:36.41,38.18 2 0
github.com/rudderlabs/pongo2/v6/tags_ifchanged.go:38.18,40.5 1 0
github.com/rudderlabs/pongo2/v6/tags_ifchanged.go:41.4,41.38 1 0
github.com/rudderlabs/pongo2/v6/tags_ifchanged.go:45.3,47.44 2 0
github.com/rudderlabs/pongo2/v6/tags_ifchanged.go:47.44,48.44 1 0
github.com/rudderlabs/pongo2/v6/tags_ifchanged.go:48.44,50.10 2 0
github.com/rudderlabs/pongo2/v6/tags_ifchanged.go:54.3,56.14 2 0
github.com/rudderlabs/pongo2/v6/tags_ifchanged.go:56.14,59.18 2 0
github.com/rudderlabs/pongo2/v6/tags_ifchanged.go:59.18,61.5 1 0
github.com/rudderlabs/pongo2/v6/tags_ifchanged.go:62.9,64.31 1 0
github.com/rudderlabs/pongo2/v6/tags_ifchanged.go:64.31,66.19 2 0
github.com/rudderlabs/pongo2/v6/tags_ifchanged.go:66.19,68.6 1 0
github.com/rudderlabs/pongo2/v6/tags_ifchanged.go:73.2,73.12 1 0
github.com/rudderlabs/pongo2/v6/tags_ifchanged.go:76.90,79.32 2 0
github.com/rudderlabs/pongo2/v6/tags_ifchanged.go:79.32,82.17 2 0
github.com/rudderlabs/pongo2/v6/tags_ifchanged.go:82.17,84.4 1 0
github.com/rudderlabs/pongo2/v6/tags_ifchanged.go:85.3,85.70 1 0
github.com/rudderlabs/pongo2/v6/tags_ifchanged.go:88.2,88.31 1 0
github.com/rudderlabs/pongo2/v6/tags_ifchanged.go:88.31,90.3 1 0
github.com/rudderlabs/pongo2/v6/tags_ifchanged.go:93.2,94.16 2 0
github.com/rudderlabs/pongo2/v6/tags_ifchanged.go:94.16,96.3 1 0
github.com/rudderlabs/pongo2/v6/tags_ifchanged.go:97.2,99.25 2 0
github.com/rudderlabs/pongo2/v6/tags_ifchanged.go:99.25,101.3 1 0
github.com/rudderlabs/pongo2/v6/tags_ifchanged.go:103.2,103.30 1 0
github.com/rudderlabs/pongo2/v6/tags_ifchanged.go:103.30,106.17 2 0
github.com/rudderlabs/pongo2/v6/tags_ifchanged.go:106.17,108.4 1 0
github.com/rudderlabs/pongo2/v6/tags_ifchanged.go:109.3,111.26 2 0
github.com/rudderlabs/pongo2/v6/tags_ifchanged.go:111.26,113.4 1 0
github.com/rudderlabs/pongo2/v6/tags_ifchanged.go:116.2,116.27 1 0
github.com/rudderlabs/pongo2/v6/tags_ifchanged.go:119.13,121.2 1 1
github.com/rudderlabs/pongo2/v6/tags_ifequal.go:11.90,13.16 2 0
github.com/rudderlabs/pongo2/v6/tags_ifequal.go:13.16,15.3 1 0
github.com/rudderlabs/pongo2/v6/tags_ifequal.go:16.2,17.16 2 0
github.com/rudderlabs/pongo2/v6/tags_ifequal.go:17.16,19.3 1 0
github.com/rudderlabs/pongo2/v6/tags_ifequal.go:21.2,23.12 2 0
github.com/rudderlabs/pongo2/v6/tags_ifequal.go:23.12,25.3 1 0
github.com/rudderlabs/pongo2/v6/tags_ifequal.go:26.2,26.29 1 0
github.com/rudderlabs/pongo2/v6/tags_ifequal.go:26.29,28.3 1 0
github.com/rudderlabs/pongo2/v6/tags_ifequal.go:29.2,29.12 1 0
github.com/rudderlabs/pongo2/v6/tags_ifequal.go:32.88,37.16 3 0
github.com/rudderlabs/pongo2/v6/tags_ifequal.go:37.16,39.3 1 0
github.com/rudderlabs/pongo2/v6/tags_ifequal.go:40.2,41.16 2 0
github.com/rudderlabs/pongo2/v6/tags_ifequal.go:41.16,43.3 1 0
github.com/rudderlabs/pongo2/v6/tags_ifequal.go:44.2,47.31 3 0
github.com/rudderlabs/pongo2/v6/tags_ifequal.go:47.31,49.3 1 0
github.com/rudderlabs/pongo2/v6/tags_ifequal.go:52.2,53.16 2 0
github.com/rudderlabs/pongo2/v6/tags_ifequal.go:53.16,55.3 1 0
github.com/rudderlabs/pongo2/v6/tags_ifequal.go:56.2,58.25 2 0
github.com/rudderlabs/pongo2/v6/tags_ifequal.go:58.25,60.3 1 0
github.com/rudderlabs/pongo2/v6/tags_ifequal.go:62.2,62.30 1 0
github.com/rudderlabs/pongo2/v6/tags_ifequal.go:62.30,65.17 2 0
github.com/rudderlabs/pongo2/v6/tags_ifequal.go:65.17,67.4 1 0
github.com/rudderlabs/pongo2/v6/tags_ifequal.go:68.3,70.26 2 0
github.com/rudderlabs/pongo2/v6/tags_ifequal.go:70.26,72.4 1 0
github.com/rudderlabs/pongo2/v6/tags_ifequal.go:75.2,75.25 1 0
github.com/rudderlabs/pongo2/v6/tags_ifequal.go:78.13,80.2 1 1
github.com/rudderlabs/pongo2/v6/tags_ifnotequal.go:11.93,13.16 2 0
github.com/rudderlabs/pongo2/v6/tags_ifnotequal.go:13.16,15.3 1 0
github.com/rudderlabs/pongo2/v6/tags_ifnotequal.go:16.2,17.16 2 0
github.com/rudderlabs/pongo2/v6/tags_ifnotequal.go:17.16,19.3 1 0
github.com/rudderlabs/pongo2/v6/tags_ifnotequal.go:21.2,23.12 2 0
github.com/rudderlabs/pongo2/v6/tags_ifnotequal.go:23.12,25.3 1 0
github.com/rudderlabs/pongo2/v6/tags_ifnotequal.go:26.2,26.29 1 0
github.com/rudderlabs/pongo2/v6/tags_ifnotequal.go:26.29,28.3 1 0
github.com/rudderlabs/pongo2/v6/tags_ifnotequal.go:29.2,29.12 1 0
github.com/rudderlabs/pongo2/v6/tags_ifnotequal.go:32.91,37.16 3 0
github.com/rudderlabs/pongo2/v6/tags_ifnotequal.go:37.16,39.3 1 0
github.com/rudderlabs/pongo2/v6/tags_ifnotequal.go:40.2,41.16 2 0
github.com/rudderlabs/pongo2/v6/tags_ifnotequal.go:41.16,43.3 1 0
github.com/rudderlabs/pongo2/v6/tags_ifnotequal.go:44.2,47.31 3 0
github.com/rudderlabs/pongo2/v6/tags_ifnotequal.go:47.31,49.3 1 0
github.com/rudderlabs/pongo2/v6/tags_ifnotequal.go:52.2,53.16 2 0
github.com/rudderlabs/pongo2/v6/tags_ifnotequal.go:53.16,55.3 1 0
github.com/rudderlabs/pongo2/v6/tags_ifnotequal.go:56.2,58.25 2 0
github.com/rudderlabs/pongo2/v6/tags_ifnotequal.go:58.25,60.3 1 0
github.com/rudderlabs/pongo2/v6/tags_ifnotequal.go:62.2,62.30 1 0
github.com/rudderlabs/pongo2/v6/tags_ifnotequal.go:62.30,65.17 2 0
github.com/rudderlabs/pongo2/v6/tags_ifnotequal.go:65.17,67.4 1 0
github.com/rudderlabs/pongo2/v6/tags_ifnotequal.go:68.3,70.26 2 0
github.com/rudderlabs/pongo2/v6/tags_ifnotequal.go:70.26,72.4 1 0
github.com/rudderlabs/pongo2/v6/tags_ifnotequal.go:75.2,75.28 1 0
github.com/rudderlabs/pongo2/v6/tags_ifnotequal.go:78.13,80.2 1 1
github.com/rudderlabs/pongo2/v6/tags_import.go:13.89,14.39 1 1
github.com/rudderlabs/pongo2/v6/tags_import.go:14.39,15.42 1 1
github.com/rudderlabs/pongo2/v6/tags_import.go:15.42,16.61 1 1
github.com/rudderlabs/pongo2/v6/tags_import.go:16.61,18.5 1 1
github.com/rudderlabs/pongo2/v6/tags_import.go:21.2,21.12 1 1
github.com/rudderlabs/pongo2/v6/tags_import.go:24.87,31.26 3 1
github.com/rudderlabs/pongo2/v6/tags_import.go:31.26,33.3 1 0
github.com/rudderlabs/pongo2/v6/tags_import.go:35.2,37.32 2 1
github.com/rudderlabs/pongo2/v6/tags_import.go:37.32,39.3 1 0
github.com/rudderlabs/pongo2/v6/tags_import.go:42.2,43.16 2 1
github.com/rudderlabs/pongo2/v6/tags_import.go:43.16,45.3 1 0
github.com/rudderlabs/pongo2/v6/tags_import.go:47.2,47.32 1 1
github.com/rudderlabs/pongo2/v6/tags_import.go:47.32,49.28 2 1
github.com/rudderlabs/pongo2/v6/tags_import.go:49.28,51.4 1 0
github.com/rudderlabs/pongo2/v6/tags_import.go:53.3,54.49 2 1
github.com/rudderlabs/pongo2/v6/tags_import.go:54.49,56.25 2 0
github.com/rudderlabs/pongo2/v6/tags_import.go:56.25,58.5 1 0
github.com/rudderlabs/pongo2/v6/tags_import.go:59.4,59.27 1 0
github.com/rudderlabs/pongo2/v6/tags_import.go:62.3,63.11 2 1
github.com/rudderlabs/pongo2/v6/tags_import.go:63.11,66.4 1 0
github.com/rudderlabs/pongo2/v6/tags_import.go:68.3,70.33 2 1
github.com/rudderlabs/pongo2/v6/tags_import.go:70.33,71.9 1 1
github.com/rudderlabs/pongo2/v6/tags_import.go:74.3,74.47 1 0
github.com/rudderlabs/pongo2/v6/tags_import.go:74.47,76.4 1 0
github.com/rudderlabs/pongo2/v6/tags_import.go:79.2,79.24 1 1
github.com/rudderlabs/pongo2/v6/tags_import.go:82.13,84.2 1 1
github.com/rudderlabs/pongo2/v6/tags_include.go:15.90,20.16 2 10
github.com/rudderlabs/pongo2/v6/tags_include.go:20.16,23.3 2 10
github.com/rudderlabs/pongo2/v6/tags_include.go:26.2,26.41 1 10
github.com/rudderlabs/pongo2/v6/tags_include.go:26.41,28.17 2 0
github.com/rudderlabs/pongo2/v6/tags_include.go:28.17,30.4 1 0
github.com/rudderlabs/pongo2/v6/tags_include.go:31.3,31.24 1 0
github.com/rudderlabs/pongo2/v6/tags_include.go:35.2,35.15 1 10
github.com/rudderlabs/pongo2/v6/tags_include.go:35.15,38.17 2 0
github.com/rudderlabs/pongo2/v6/tags_include.go:38.17,40.4 1 0
github.com/rudderlabs/pongo2/v6/tags_include.go:42.3,42.30 1 0
github.com/rudderlabs/pongo2/v6/tags_include.go:42.30,44.4 1 0
github.com/rudderlabs/pongo2/v6/tags_include.go:47.3,50.18 3 0
github.com/rudderlabs/pongo2/v6/tags_include.go:50.18,52.59 1 0
github.com/rudderlabs/pongo2/v6/tags_include.go:52.59,54.5 1 0
github.com/rudderlabs/pongo2/v6/tags_include.go:55.4,55.24 1 0
github.com/rudderlabs/pongo2/v6/tags_include.go:57.3,58.18 2 0
github.com/rudderlabs/pongo2/v6/tags_include.go:58.18,60.4 1 0
github.com/rudderlabs/pongo2/v6/tags_include.go:61.3,61.13 1 0
github.com/rudderlabs/pongo2/v6/tags_include.go:64.2,65.16 2 10
github.com/rudderlabs/pongo2/v6/tags_include.go:65.16,67.3 1 0
github.com/rudderlabs/pongo2/v6/tags_include.go:68.2,68.12 1 10
github.com/rudderlabs/pongo2/v6/tags_include.go:73.95,75.2 1 0
github.com/rudderlabs/pongo2/v6/tags_include.go:77.88,82.77 2 1
github.com/rudderlabs/pongo2/v6/tags_include.go:82.77,94.17 5 1
github.com/rudderlabs/pongo2/v6/tags_include.go:94.17,96.53 1 0
github.com/rudderlabs/pongo2/v6/tags_include.go:96.53,98.5 1 0
github.com/rudderlabs/pongo2/v6/tags_include.go:99.4,99.81 1 0
github.com/rudderlabs/pongo2/v6/tags_include.go:101.3,101.32 1 1
github.com/rudderlabs/pongo2/v6/tags_include.go:102.8,105.17 2 0
github.com/rudderlabs/pongo2/v6/tags_include.go:105.17,107.4 1 0
github.com/rudderlabs/pongo2/v6/tags_include.go:108.3,110.78 3 0
github.com/rudderlabs/pongo2/v6/tags_include.go:114.2,114.53 1 1
github.com/rudderlabs/pongo2/v6/tags_include.go:114.53,115.33 1 0
github.com/rudderlabs/pongo2/v6/tags_include.go:115.33,118.23 2 0
github.com/rudderlabs/pongo2/v6/tags_include.go:118.23,120.5 1 0
github.com/rudderlabs/pongo2/v6/tags_include.go:121.4,121.48 1 0
github.com/rudderlabs/pongo2/v6/tags_include.go:121.48,123.5 1 0
github.com/rudderlabs/pongo2/v6/tags_include.go:124.4,125.18 2 0
github.com/rudderlabs/pongo2/v6/tags_include.go:125.18,127.5 1 0
github.com/rudderlabs/pongo2/v6/tags_include.go:129.4,132.55 2 0
github.com/rudderlabs/pongo2/v6/tags_include.go:132.55,134.10 2 0
github.com/rudderlabs/pongo2/v6/tags_include.go:139.2,139.31 1 1
github.com/rudderlabs/pongo2/v6/tags_include.go:139.31,141.3 1 0
[...]
github.com/rudderlabs/pongo2/v6/variable.go:47.24,48.23 1 0
github.com/rudderlabs/pongo2/v6/variable.go:49.20,50.19 1 0
github.com/rudderlabs/pongo2/v6/variable.go:53.2,53.24 1 0
github.com/rudderlabs/pongo2/v6/variable.go:101.93,103.16 2 0
github.com/rudderlabs/pongo2/v6/variable.go:103.16,105.3 1 0
github.com/rudderlabs/pongo2/v6/variable.go:106.2,106.62 1 0
github.com/rudderlabs/pongo2/v6/variable.go:106.62,108.3 1 0
github.com/rudderlabs/pongo2/v6/variable.go:109.2,109.12 1 0
github.com/rudderlabs/pongo2/v6/variable.go:112.90,114.16 2 0
github.com/rudderlabs/pongo2/v6/variable.go:114.16,116.3 1 0
github.com/rudderlabs/pongo2/v6/variable.go:117.2,117.62 1 0
github.com/rudderlabs/pongo2/v6/variable.go:117.62,119.3 1 0
github.com/rudderlabs/pongo2/v6/variable.go:120.2,120.12 1 0
github.com/rudderlabs/pongo2/v6/variable.go:123.87,125.16 2 0
github.com/rudderlabs/pongo2/v6/variable.go:125.16,127.3 1 0
github.com/rudderlabs/pongo2/v6/variable.go:128.2,128.62 1 0
github.com/rudderlabs/pongo2/v6/variable.go:128.62,130.3 1 0
github.com/rudderlabs/pongo2/v6/variable.go:131.2,131.12 1 0
github.com/rudderlabs/pongo2/v6/variable.go:134.84,136.16 2 0
github.com/rudderlabs/pongo2/v6/variable.go:136.16,138.3 1 0
github.com/rudderlabs/pongo2/v6/variable.go:139.2,139.62 1 0
github.com/rudderlabs/pongo2/v6/variable.go:139.62,141.3 1 0
github.com/rudderlabs/pongo2/v6/variable.go:142.2,142.12 1 0
github.com/rudderlabs/pongo2/v6/variable.go:145.86,147.16 2 0
github.com/rudderlabs/pongo2/v6/variable.go:147.16,149.3 1 0
github.com/rudderlabs/pongo2/v6/variable.go:150.2,150.62 1 0
github.com/rudderlabs/pongo2/v6/variable.go:150.62,152.3 1 0
github.com/rudderlabs/pongo2/v6/variable.go:153.2,153.12 1 0
github.com/rudderlabs/pongo2/v6/variable.go:156.85,158.16 2 0
github.com/rudderlabs/pongo2/v6/variable.go:158.16,160.3 1 0
github.com/rudderlabs/pongo2/v6/variable.go:161.2,161.62 1 0
github.com/rudderlabs/pongo2/v6/variable.go:161.62,163.3 1 0
github.com/rudderlabs/pongo2/v6/variable.go:164.2,164.12 1 0
github.com/rudderlabs/pongo2/v6/variable.go:167.58,169.2 1 0
github.com/rudderlabs/pongo2/v6/variable.go:171.55,173.2 1 0
github.com/rudderlabs/pongo2/v6/variable.go:175.52,177.2 1 0
github.com/rudderlabs/pongo2/v6/variable.go:179.49,181.2 1 0
github.com/rudderlabs/pongo2/v6/variable.go:183.51,185.2 1 0
github.com/rudderlabs/pongo2/v6/variable.go:187.50,189.2 1 0
github.com/rudderlabs/pongo2/v6/variable.go:191.75,193.2 1 218
github.com/rudderlabs/pongo2/v6/variable.go:195.72,197.2 1 170
github.com/rudderlabs/pongo2/v6/variable.go:199.74,201.2 1 36
github.com/rudderlabs/pongo2/v6/variable.go:203.73,205.2 1 17
github.com/rudderlabs/pongo2/v6/variable.go:207.58,209.2 1 0
github.com/rudderlabs/pongo2/v6/variable.go:211.55,213.2 1 0
github.com/rudderlabs/pongo2/v6/variable.go:215.57,217.2 1 0
github.com/rudderlabs/pongo2/v6/variable.go:219.56,221.2 1 0
github.com/rudderlabs/pongo2/v6/variable.go:223.57,225.2 1 0
github.com/rudderlabs/pongo2/v6/variable.go:227.86,229.16 2 390
github.com/rudderlabs/pongo2/v6/variable.go:229.16,231.3 1 6
github.com/rudderlabs/pongo2/v6/variable.go:233.2,233.89 1 384
github.com/rudderlabs/pongo2/v6/variable.go:233.89,236.17 2 170
github.com/rudderlabs/pongo2/v6/variable.go:236.17,238.4 1 0
github.com/rudderlabs/pongo2/v6/variable.go:241.2,241.62 1 384
github.com/rudderlabs/pongo2/v6/variable.go:241.62,243.3 1 0
github.com/rudderlabs/pongo2/v6/variable.go:244.2,244.12 1 384
github.com/rudderlabs/pongo2/v6/variable.go:247.74,249.2 1 0
github.com/rudderlabs/pongo2/v6/variable.go:251.61,253.2 1 0
github.com/rudderlabs/pongo2/v6/variable.go:255.45,257.29 2 2
github.com/rudderlabs/pongo2/v6/variable.go:257.29,259.3 1 2
github.com/rudderlabs/pongo2/v6/variable.go:261.2,261.33 1 2
github.com/rudderlabs/pongo2/v6/variable.go:264.76,270.58 4 289
github.com/rudderlabs/pongo2/v6/variable.go:270.58,272.33 2 0
github.com/rudderlabs/pongo2/v6/variable.go:272.33,273.38 1 0
github.com/rudderlabs/pongo2/v6/variable.go:274.31,276.19 2 0
github.com/rudderlabs/pongo2/v6/variable.go:276.19,278.6 1 0
github.com/rudderlabs/pongo2/v6/variable.go:280.5,280.32 1 0
github.com/rudderlabs/pongo2/v6/variable.go:281.12,282.61 1 0
github.com/rudderlabs/pongo2/v6/variable.go:286.3,289.9 1 0
github.com/rudderlabs/pongo2/v6/variable.go:292.2,292.34 1 289
github.com/rudderlabs/pongo2/v6/variable.go:292.34,295.15 3 500
github.com/rudderlabs/pongo2/v6/variable.go:295.15,301.18 2 289
github.com/rudderlabs/pongo2/v6/variable.go:301.18,304.5 1 175
github.com/rudderlabs/pongo2/v6/variable.go:306.4,306.34 1 289
github.com/rudderlabs/pongo2/v6/variable.go:308.9,315.32 3 211
github.com/rudderlabs/pongo2/v6/variable.go:315.32,317.5 1 209
github.com/rudderlabs/pongo2/v6/variable.go:317.10,317.38 1 2
github.com/rudderlabs/pongo2/v6/variable.go:317.38,320.5 2 2
github.com/rudderlabs/pongo2/v6/variable.go:321.4,321.22 1 211
github.com/rudderlabs/pongo2/v6/variable.go:321.22,323.28 2 211
github.com/rudderlabs/pongo2/v6/variable.go:323.28,327.6 3 10
github.com/rudderlabs/pongo2/v6/variable.go:327.11,327.39 1 201
github.com/rudderlabs/pongo2/v6/variable.go:327.39,330.6 1 0
github.com/rudderlabs/pongo2/v6/variable.go:333.4,333.15 1 211
github.com/rudderlabs/pongo2/v6/variable.go:333.15,335.38 1 201
github.com/rudderlabs/pongo2/v6/variable.go:335.38,337.28 2 64
github.com/rudderlabs/pongo2/v6/variable.go:337.28,340.7 1 0
github.com/rudderlabs/pongo2/v6/variable.go:344.5,344.21 1 201
github.com/rudderlabs/pongo2/v6/variable.go:345.21,348.28 1 0
github.com/rudderlabs/pongo2/v6/variable.go:349.56,350.48 1 0
github.com/rudderlabs/pongo2/v6/variable.go:350.48,353.8 2 0
github.com/rudderlabs/pongo2/v6/variable.go:353.13,356.8 1 0
github.com/rudderlabs/pongo2/v6/variable.go:357.14,359.45 1 0
github.com/rudderlabs/pongo2/v6/variable.go:361.23,364.28 2 201
github.com/rudderlabs/pongo2/v6/variable.go:365.26,366.45 1 66
github.com/rudderlabs/pongo2/v6/variable.go:367.23,368.59 1 135
github.com/rudderlabs/pongo2/v6/variable.go:369.14,371.45 1 0
github.com/rudderlabs/pongo2/v6/variable.go:373.6,373.28 1 201
github.com/rudderlabs/pongo2/v6/variable.go:373.28,375.7 1 195
github.com/rudderlabs/pongo2/v6/variable.go:375.12,377.50 2 6
github.com/rudderlabs/pongo2/v6/variable.go:377.50,379.8 1 2
github.com/rudderlabs/pongo2/v6/variable.go:380.7,380.28 1 6
github.com/rudderlabs/pongo2/v6/variable.go:380.28,384.8 3 2
github.com/rudderlabs/pongo2/v6/variable.go:386.27,389.28 1 0
github.com/rudderlabs/pongo2/v6/variable.go:390.56,392.21 2 0
github.com/rudderlabs/pongo2/v6/variable.go:392.21,394.8 1 0
github.com/rudderlabs/pongo2/v6/variable.go:395.7,396.40 2 0
github.com/rudderlabs/pongo2/v6/variable.go:396.40,398.8 1 0
github.com/rudderlabs/pongo2/v6/variable.go:398.13,401.8 1 0
github.com/rudderlabs/pongo2/v6/variable.go:403.26,405.21 2 0
github.com/rudderlabs/pongo2/v6/variable.go:405.21,407.8 1 0
github.com/rudderlabs/pongo2/v6/variable.go:408.7,409.28 2 0
github.com/rudderlabs/pongo2/v6/variable.go:410.23,412.21 2 0
github.com/rudderlabs/pongo2/v6/variable.go:412.21,414.8 1 0
github.com/rudderlabs/pongo2/v6/variable.go:415.7,415.21 1 0
github.com/rudderlabs/pongo2/v6/variable.go:415.21,417.8 1 0
github.com/rudderlabs/pongo2/v6/variable.go:418.7,418.59 1 0
github.com/rudderlabs/pongo2/v6/variable.go:418.59,421.8 2 0
github.com/rudderlabs/pongo2/v6/variable.go:421.13,423.8 1 0
github.com/rudderlabs/pongo2/v6/variable.go:424.14,426.45 1 0
github.com/rudderlabs/pongo2/v6/variable.go:428.13,429.28 1 0
github.com/rudderlabs/pongo2/v6/variable.go:434.3,434.25 1 500
github.com/rudderlabs/pongo2/v6/variable.go:434.25,436.23 1 12
github.com/rudderlabs/pongo2/v6/variable.go:436.23,437.28 1 9
github.com/rudderlabs/pongo2/v6/variable.go:437.28,439.6 1 9
github.com/rudderlabs/pongo2/v6/variable.go:441.5,441.73 1 0
github.com/rudderlabs/pongo2/v6/variable.go:444.4,444.28 1 3
github.com/rudderlabs/pongo2/v6/variable.go:451.3,451.39 1 488
github.com/rudderlabs/pongo2/v6/variable.go:451.39,456.4 4 48
github.com/rudderlabs/pongo2/v6/variable.go:459.3,459.42 1 488
github.com/rudderlabs/pongo2/v6/variable.go:459.42,462.4 2 131
github.com/rudderlabs/pongo2/v6/variable.go:465.3,465.60 1 488
github.com/rudderlabs/pongo2/v6/variable.go:465.60,467.38 1 33
github.com/rudderlabs/pongo2/v6/variable.go:467.38,469.26 2 0
github.com/rudderlabs/pongo2/v6/variable.go:469.26,473.6 3 0
github.com/rudderlabs/pongo2/v6/variable.go:473.11,475.6 1 0
github.com/rudderlabs/pongo2/v6/variable.go:480.4,484.52 3 33
github.com/rudderlabs/pongo2/v6/variable.go:484.52,486.5 1 0
github.com/rudderlabs/pongo2/v6/variable.go:489.4,490.51 2 33
github.com/rudderlabs/pongo2/v6/variable.go:490.51,492.5 1 7
github.com/rudderlabs/pongo2/v6/variable.go:494.4,496.33 3 33
github.com/rudderlabs/pongo2/v6/variable.go:496.33,498.19 2 33
github.com/rudderlabs/pongo2/v6/variable.go:498.19,500.6 1 0
github.com/rudderlabs/pongo2/v6/variable.go:501.5,501.20 1 33
github.com/rudderlabs/pongo2/v6/variable.go:501.20,502.34 1 8
github.com/rudderlabs/pongo2/v6/variable.go:502.34,504.7 1 1
github.com/rudderlabs/pongo2/v6/variable.go:505.6,505.18 1 7
github.com/rudderlabs/pongo2/v6/variable.go:507.5,507.45 1 32
github.com/rudderlabs/pongo2/v6/variable.go:510.4,511.18 2 32
github.com/rudderlabs/pongo2/v6/variable.go:511.18,513.5 1 4
github.com/rudderlabs/pongo2/v6/variable.go:516.4,518.22 1 32
github.com/rudderlabs/pongo2/v6/variable.go:518.22,522.5 1 0
github.com/rudderlabs/pongo2/v6/variable.go:525.4,525.42 1 32
github.com/rudderlabs/pongo2/v6/variable.go:525.42,527.5 1 1
github.com/rudderlabs/pongo2/v6/variable.go:530.4,533.18 3 31
github.com/rudderlabs/pongo2/v6/variable.go:533.18,535.30 2 4
github.com/rudderlabs/pongo2/v6/variable.go:535.30,537.6 1 2
github.com/rudderlabs/pongo2/v6/variable.go:538.5,538.48 1 4
github.com/rudderlabs/pongo2/v6/variable.go:541.4,545.39 4 31
github.com/rudderlabs/pongo2/v6/variable.go:545.39,546.21 1 29
github.com/rudderlabs/pongo2/v6/variable.go:546.21,548.6 1 7
github.com/rudderlabs/pongo2/v6/variable.go:548.11,548.26 1 22
github.com/rudderlabs/pongo2/v6/variable.go:548.26,549.45 1 12
github.com/rudderlabs/pongo2/v6/variable.go:549.45,551.7 1 12
github.com/rudderlabs/pongo2/v6/variable.go:551.12,553.7 1 0
github.com/rudderlabs/pongo2/v6/variable.go:554.11,556.6 1 10
github.com/rudderlabs/pongo2/v6/variable.go:558.5,559.32 2 29
github.com/rudderlabs/pongo2/v6/variable.go:559.32,561.21 1 10
github.com/rudderlabs/pongo2/v6/variable.go:561.21,562.137 1 10
github.com/rudderlabs/pongo2/v6/variable.go:562.137,565.8 1 1
github.com/rudderlabs/pongo2/v6/variable.go:566.12,567.137 1 0
github.com/rudderlabs/pongo2/v6/variable.go:567.137,570.8 1 0
github.com/rudderlabs/pongo2/v6/variable.go:573.6,573.20 1 9
github.com/rudderlabs/pongo2/v6/variable.go:573.20,577.7 2 0
github.com/rudderlabs/pongo2/v6/variable.go:577.12,579.7 1 9
github.com/rudderlabs/pongo2/v6/variable.go:580.11,581.22 1 19
github.com/rudderlabs/pongo2/v6/variable.go:581.22,583.7 1 7
github.com/rudderlabs/pongo2/v6/variable.go:583.12,586.7 1 12
github.com/rudderlabs/pongo2/v6/variable.go:589.5,589.38 1 28
github.com/rudderlabs/pongo2/v6/variable.go:589.38,591.6 1 0
github.com/rudderlabs/pongo2/v6/variable.go:593.5,593.21 1 28
github.com/rudderlabs/pongo2/v6/variable.go:593.21,595.6 1 7
github.com/rudderlabs/pongo2/v6/variable.go:595.11,595.32 1 21
github.com/rudderlabs/pongo2/v6/variable.go:595.32,597.6 1 20
github.com/rudderlabs/pongo2/v6/variable.go:597.11,599.6 1 1
github.com/rudderlabs/pongo2/v6/variable.go:602.4,603.29 2 29
github.com/rudderlabs/pongo2/v6/variable.go:603.29,605.12 2 6
github.com/rudderlabs/pongo2/v6/variable.go:605.12,607.6 1 0
github.com/rudderlabs/pongo2/v6/variable.go:608.5,608.49 1 6
github.com/rudderlabs/pongo2/v6/variable.go:610.4,611.29 2 29
github.com/rudderlabs/pongo2/v6/variable.go:611.29,613.5 1 5
github.com/rudderlabs/pongo2/v6/variable.go:614.4,616.33 2 29
github.com/rudderlabs/pongo2/v6/variable.go:616.33,617.36 1 28
github.com/rudderlabs/pongo2/v6/variable.go:617.36,619.6 1 0
github.com/rudderlabs/pongo2/v6/variable.go:623.4,625.23 3 29
github.com/rudderlabs/pongo2/v6/variable.go:625.23,627.17 2 19
github.com/rudderlabs/pongo2/v6/variable.go:627.17,629.13 2 2
github.com/rudderlabs/pongo2/v6/variable.go:629.13,631.7 1 1
github.com/rudderlabs/pongo2/v6/variable.go:632.6,632.20 1 1
github.com/rudderlabs/pongo2/v6/variable.go:632.20,634.7 1 1
github.com/rudderlabs/pongo2/v6/variable.go:638.4,638.35 1 27
github.com/rudderlabs/pongo2/v6/variable.go:638.35,640.5 1 13
github.com/rudderlabs/pongo2/v6/variable.go:640.10,644.5 2 14
github.com/rudderlabs/pongo2/v6/variable.go:647.3,647.25 1 482
github.com/rudderlabs/pongo2/v6/variable.go:647.25,649.23 1 1
github.com/rudderlabs/pongo2/v6/variable.go:649.23,651.28 1 0
github.com/rudderlabs/pongo2/v6/variable.go:651.28,653.6 1 0
github.com/rudderlabs/pongo2/v6/variable.go:655.5,655.73 1 0
github.com/rudderlabs/pongo2/v6/variable.go:657.4,657.28 1 1
github.com/rudderlabs/pongo2/v6/variable.go:661.2,661.48 1 270
github.com/rudderlabs/pongo2/v6/variable.go:664.78,666.16 2 289
github.com/rudderlabs/pongo2/v6/variable.go:666.16,668.3 1 6
github.com/rudderlabs/pongo2/v6/variable.go:669.2,669.19 1 283
github.com/rudderlabs/pongo2/v6/variable.go:672.64,673.39 1 384
github.com/rudderlabs/pongo2/v6/variable.go:673.39,674.26 1 264
github.com/rudderlabs/pongo2/v6/variable.go:674.26,676.4 1 18
github.com/rudderlabs/pongo2/v6/variable.go:678.2,678.14 1 366
github.com/rudderlabs/pongo2/v6/variable.go:681.81,683.16 2 569
github.com/rudderlabs/pongo2/v6/variable.go:683.16,685.3 1 6
github.com/rudderlabs/pongo2/v6/variable.go:687.2,687.39 1 563
github.com/rudderlabs/pongo2/v6/variable.go:687.39,689.17 2 268
github.com/rudderlabs/pongo2/v6/variable.go:689.17,691.4 1 0
github.com/rudderlabs/pongo2/v6/variable.go:694.2,694.19 1 563
github.com/rudderlabs/pongo2/v6/variable.go:698.52,705.38 3 0
github.com/rudderlabs/pongo2/v6/variable.go:705.38,707.3 1 0
github.com/rudderlabs/pongo2/v6/variable.go:710.2,710.6 1 0
github.com/rudderlabs/pongo2/v6/variable.go:710.6,711.25 1 0
github.com/rudderlabs/pongo2/v6/variable.go:711.25,713.4 1 0
github.com/rudderlabs/pongo2/v6/variable.go:716.3,717.17 2 0
github.com/rudderlabs/pongo2/v6/variable.go:717.17,719.4 1 0
github.com/rudderlabs/pongo2/v6/variable.go:721.3,726.39 2 0
github.com/rudderlabs/pongo2/v6/variable.go:726.39,728.9 1 0
github.com/rudderlabs/pongo2/v6/variable.go:732.3,732.39 1 0
github.com/rudderlabs/pongo2/v6/variable.go:732.39,734.4 1 0
github.com/rudderlabs/pongo2/v6/variable.go:737.2,737.22 1 0
github.com/rudderlabs/pongo2/v6/variable.go:741.64,744.14 2 621
github.com/rudderlabs/pongo2/v6/variable.go:744.14,746.3 1 0
github.com/rudderlabs/pongo2/v6/variable.go:749.2,749.15 1 621
github.com/rudderlabs/pongo2/v6/variable.go:750.19,758.39 2 208
github.com/rudderlabs/pongo2/v6/variable.go:758.39,761.17 2 36
github.com/rudderlabs/pongo2/v6/variable.go:761.17,763.5 1 0
github.com/rudderlabs/pongo2/v6/variable.go:764.4,765.18 2 36
github.com/rudderlabs/pongo2/v6/variable.go:765.18,767.5 1 0
github.com/rudderlabs/pongo2/v6/variable.go:768.4,772.18 2 36
github.com/rudderlabs/pongo2/v6/variable.go:774.3,775.17 2 172
github.com/rudderlabs/pongo2/v6/variable.go:775.17,777.4 1 0
github.com/rudderlabs/pongo2/v6/variable.go:778.3,782.17 2 172
github.com/rudderlabs/pongo2/v6/variable.go:783.19,789.17 3 198
github.com/rudderlabs/pongo2/v6/variable.go:790.20,792.16 2 21
github.com/rudderlabs/pongo2/v6/variable.go:793.15,798.18 2 12
github.com/rudderlabs/pongo2/v6/variable.go:799.16,804.18 2 9
github.com/rudderlabs/pongo2/v6/variable.go:805.11,806.77 1 0
github.com/rudderlabs/pongo2/v6/variable.go:809.19,810.19 1 0
github.com/rudderlabs/pongo2/v6/variable.go:810.19,813.4 1 0
github.com/rudderlabs/pongo2/v6/variable.go:816.2,820.30 2 194
github.com/rudderlabs/pongo2/v6/variable.go:820.30,824.3 1 0
github.com/rudderlabs/pongo2/v6/variable.go:826.2,833.24 3 194
github.com/rudderlabs/pongo2/v6/variable.go:833.24,834.39 1 353
github.com/rudderlabs/pongo2/v6/variable.go:834.39,837.17 2 153
github.com/rudderlabs/pongo2/v6/variable.go:837.17,838.19 1 153
github.com/rudderlabs/pongo2/v6/variable.go:839.26,845.27 3 151
github.com/rudderlabs/pongo2/v6/variable.go:847.22,849.20 2 0
github.com/rudderlabs/pongo2/v6/variable.go:849.20,851.7 1 0
github.com/rudderlabs/pongo2/v6/variable.go:852.6,857.27 3 0
github.com/rudderlabs/pongo2/v6/variable.go:859.19,865.27 3 0
github.com/rudderlabs/pongo2/v6/variable.go:867.22,868.23 1 2
github.com/rudderlabs/pongo2/v6/variable.go:868.23,870.7 1 0
github.com/rudderlabs/pongo2/v6/variable.go:871.6,875.19 3 2
github.com/rudderlabs/pongo2/v6/variable.go:875.19,877.7 1 0
github.com/rudderlabs/pongo2/v6/variable.go:877.12,877.42 1 2
github.com/rudderlabs/pongo2/v6/variable.go:877.42,879.7 1 0
github.com/rudderlabs/pongo2/v6/variable.go:881.6,889.42 4 2
github.com/rudderlabs/pongo2/v6/variable.go:889.42,893.11 1 1
github.com/rudderlabs/pongo2/v6/variable.go:893.11,894.30 1 4
github.com/rudderlabs/pongo2/v6/variable.go:894.30,898.9 1 0
github.com/rudderlabs/pongo2/v6/variable.go:900.8,900.43 1 4
github.com/rudderlabs/pongo2/v6/variable.go:900.43,903.23 2 4
github.com/rudderlabs/pongo2/v6/variable.go:903.23,905.10 1 0
github.com/rudderlabs/pongo2/v6/variable.go:906.9,908.45 2 4
github.com/rudderlabs/pongo2/v6/variable.go:908.45,910.28 1 1
github.com/rudderlabs/pongo2/v6/variable.go:911.15,913.46 1 3
github.com/rudderlabs/pongo2/v6/variable.go:913.46,917.11 1 0
github.com/rudderlabs/pongo2/v6/variable.go:919.14,922.27 2 0
github.com/rudderlabs/pongo2/v6/variable.go:926.6,926.27 1 2
github.com/rudderlabs/pongo2/v6/variable.go:928.13,929.94 1 0
github.com/rudderlabs/pongo2/v6/variable.go:931.10,935.5 1 0
github.com/rudderlabs/pongo2/v6/variable.go:936.9,936.46 1 200
github.com/rudderlabs/pongo2/v6/variable.go:936.46,938.26 1 0
github.com/rudderlabs/pongo2/v6/variable.go:938.26,940.5 1 0
github.com/rudderlabs/pongo2/v6/variable.go:942.4,943.18 2 0
github.com/rudderlabs/pongo2/v6/variable.go:943.18,945.5 1 0
github.com/rudderlabs/pongo2/v6/variable.go:946.4,950.40 2 0
github.com/rudderlabs/pongo2/v6/variable.go:950.40,952.5 1 0
github.com/rudderlabs/pongo2/v6/variable.go:954.9,954.46 1 200
github.com/rudderlabs/pongo2/v6/variable.go:954.46,960.8 3 19
github.com/rudderlabs/pongo2/v6/variable.go:960.8,961.27 1 31
github.com/rudderlabs/pongo2/v6/variable.go:961.27,963.6 1 0
github.com/rudderlabs/pongo2/v6/variable.go:965.5,965.40 1 31
github.com/rudderlabs/pongo2/v6/variable.go:965.40,968.20 2 26
github.com/rudderlabs/pongo2/v6/variable.go:968.20,970.7 1 0
github.com/rudderlabs/pongo2/v6/variable.go:971.6,973.42 2 26
github.com/rudderlabs/pongo2/v6/variable.go:973.42,975.25 1 14
github.com/rudderlabs/pongo2/v6/variable.go:976.12,978.43 1 12
github.com/rudderlabs/pongo2/v6/variable.go:978.43,980.8 1 0
github.com/rudderlabs/pongo2/v6/variable.go:982.11,985.24 2 5
github.com/rudderlabs/pongo2/v6/variable.go:990.4,990.25 1 19
github.com/rudderlabs/pongo2/v6/variable.go:994.3,994.8 1 181
github.com/rudderlabs/pongo2/v6/variable.go:997.2,997.22 1 194
github.com/rudderlabs/pongo2/v6/variable.go:1000.85,1007.16 3 468
github.com/rudderlabs/pongo2/v6/variable.go:1007.16,1009.3 1 0
github.com/rudderlabs/pongo2/v6/variable.go:1010.2,1014.39 2 468
github.com/rudderlabs/pongo2/v6/variable.go:1014.39,1017.17 2 256
github.com/rudderlabs/pongo2/v6/variable.go:1017.17,1019.4 1 0
github.com/rudderlabs/pongo2/v6/variable.go:1022.3,1022.73 1 256
github.com/rudderlabs/pongo2/v6/variable.go:1022.73,1024.4 1 0
github.com/rudderlabs/pongo2/v6/variable.go:1026.3,1028.22 2 256
github.com/rudderlabs/pongo2/v6/variable.go:1031.2,1031.15 1 468
github.com/rudderlabs/pongo2/v6/variable.go:1034.57,1042.16 4 317
github.com/rudderlabs/pongo2/v6/variable.go:1042.16,1044.3 1 0
github.com/rudderlabs/pongo2/v6/variable.go:1045.2,1047.39 2 317
github.com/rudderlabs/pongo2/v6/variable.go:1047.39,1049.3 1 0
github.com/rudderlabs/pongo2/v6/variable.go:1051.2,1051.18 1 317
